{"/home/markhughneri-piertwo/work/remotty/apps/web/src/middleware.ts": {"path":"/home/markhughneri-piertwo/work/remotty/apps/web/src/middleware.ts","statementMap":{"0":{"start":{"line":6,"column":21},"end":{"line":6,"column":50}},"1":{"start":{"line":9,"column":14},"end":{"line":9,"column":33}},"2":{"start":{"line":12,"column":2},"end":{"line":12,"column":null}},"3":{"start":{"line":13,"column":2},"end":{"line":13,"column":null}},"4":{"start":{"line":14,"column":2},"end":{"line":14,"column":null}},"5":{"start":{"line":15,"column":2},"end":{"line":16,"column":null}},"6":{"start":{"line":16,"column":4},"end":{"line":16,"column":null}},"7":{"start":{"line":18,"column":16},"end":{"line":18,"column":null}},"8":{"start":{"line":19,"column":2},"end":{"line":22,"column":null}},"9":{"start":{"line":25,"column":15},"end":{"line":25,"column":null}},"10":{"start":{"line":26,"column":19},"end":{"line":26,"column":63}},"11":{"start":{"line":26,"column":44},"end":{"line":26,"column":62}},"12":{"start":{"line":27,"column":2},"end":{"line":27,"column":null}},"13":{"start":{"line":27,"column":16},"end":{"line":27,"column":null}},"14":{"start":{"line":31,"column":18},"end":{"line":31,"column":87}},"15":{"start":{"line":32,"column":2},"end":{"line":33,"column":null}},"16":{"start":{"line":33,"column":4},"end":{"line":33,"column":null}},"17":{"start":{"line":36,"column":2},"end":{"line":36,"column":null}},"18":{"start":{"line":39,"column":22},"end":{"line":40,"column":null}}},"fnMap":{"0":{"name":"middleware","decl":{"start":{"line":8,"column":22},"end":{"line":8,"column":33}},"loc":{"start":{"line":8,"column":74},"end":{"line":36,"column":null}},"line":8},"1":{"name":"(anonymous_1)","decl":{"start":{"line":26,"column":32},"end":{"line":26,"column":38}},"loc":{"start":{"line":26,"column":44},"end":{"line":26,"column":62}},"line":26}},"branchMap":{"0":{"loc":{"start":{"line":15,"column":2},"end":{"line":16,"column":null}},"type":"if","locations":[{"start":{"line":15,"column":2},"end":{"line":16,"column":null}},{"start":{},"end":{}}],"line":15},"1":{"loc":{"start":{"line":21,"column":60},"end":{"line":21,"column":90}},"type":"cond-expr","locations":[{"start":{"line":21,"column":68},"end":{"line":21,"column":87}},{"start":{"line":21,"column":87},"end":{"line":21,"column":90}}],"line":21},"2":{"loc":{"start":{"line":27,"column":2},"end":{"line":27,"column":null}},"type":"if","locations":[{"start":{"line":27,"column":2},"end":{"line":27,"column":null}},{"start":{},"end":{}}],"line":27},"3":{"loc":{"start":{"line":32,"column":2},"end":{"line":33,"column":null}},"type":"if","locations":[{"start":{"line":32,"column":2},"end":{"line":33,"column":null}},{"start":{},"end":{}}],"line":32}},"s":{"0":0,"1":0,"2":0,"3":0,"4":0,"5":0,"6":0,"7":0,"8":0,"9":0,"10":0,"11":0,"12":0,"13":0,"14":0,"15":0,"16":0,"17":0,"18":0},"f":{"0":0,"1":0},"b":{"0":[0,0],"1":[0,0],"2":[0,0],"3":[0,0]},"meta":{"lastBranch":4,"lastFunction":2,"lastStatement":19,"seen":{"s:6:21:6:50":0,"f:8:22:8:33":0,"s:9:14:9:33":1,"s:12:2:12:Infinity":2,"s:13:2:13:Infinity":3,"s:14:2:14:Infinity":4,"b:15:2:16:Infinity:undefined:undefined:undefined:undefined":0,"s:15:2:16:Infinity":5,"s:16:4:16:Infinity":6,"s:18:16:18:Infinity":7,"s:19:2:22:Infinity":8,"b:21:68:21:87:21:87:21:90":1,"s:25:15:25:Infinity":9,"s:26:19:26:63":10,"f:26:32:26:38":1,"s:26:44:26:62":11,"b:27:2:27:Infinity:undefined:undefined:undefined:undefined":2,"s:27:2:27:Infinity":12,"s:27:16:27:Infinity":13,"s:31:18:31:87":14,"b:32:2:33:Infinity:undefined:undefined:undefined:undefined":3,"s:32:2:33:Infinity":15,"s:33:4:33:Infinity":16,"s:36:2:36:Infinity":17,"s:39:22:40:Infinity":18}}}
,"/home/markhughneri-piertwo/work/remotty/apps/web/src/app/globals.css": {"path":"/home/markhughneri-piertwo/work/remotty/apps/web/src/app/globals.css","statementMap":{},"fnMap":{},"branchMap":{},"s":{},"f":{},"b":{},"meta":{"lastBranch":0,"lastFunction":0,"lastStatement":0,"seen":{}}}
,"/home/markhughneri-piertwo/work/remotty/apps/web/src/app/api/auth/login/route.ts": {"path":"/home/markhughneri-piertwo/work/remotty/apps/web/src/app/api/auth/login/route.ts","statementMap":{"0":{"start":{"line":8,"column":18},"end":{"line":11,"column":2}},"1":{"start":{"line":15,"column":13},"end":{"line":15,"column":null}},"2":{"start":{"line":16,"column":18},"end":{"line":16,"column":53}},"3":{"start":{"line":17,"column":2},"end":{"line":18,"column":null}},"4":{"start":{"line":18,"column":4},"end":{"line":18,"column":null}},"5":{"start":{"line":21,"column":24},"end":{"line":21,"column":40}},"6":{"start":{"line":22,"column":17},"end":{"line":22,"column":42}},"7":{"start":{"line":23,"column":2},"end":{"line":24,"column":null}},"8":{"start":{"line":24,"column":4},"end":{"line":24,"column":null}},"9":{"start":{"line":27,"column":33},"end":{"line":27,"column":null}},"10":{"start":{"line":29,"column":15},"end":{"line":29,"column":69}},"11":{"start":{"line":30,"column":2},"end":{"line":33,"column":null}},"12":{"start":{"line":32,"column":4},"end":{"line":32,"column":null}},"13":{"start":{"line":33,"column":4},"end":{"line":33,"column":null}},"14":{"start":{"line":36,"column":16},"end":{"line":36,"column":65}},"15":{"start":{"line":37,"column":2},"end":{"line":38,"column":null}},"16":{"start":{"line":38,"column":4},"end":{"line":38,"column":null}},"17":{"start":{"line":41,"column":18},"end":{"line":41,"column":36}},"18":{"start":{"line":42,"column":2},"end":{"line":42,"column":null}},"19":{"start":{"line":43,"column":2},"end":{"line":43,"column":null}},"20":{"start":{"line":44,"column":2},"end":{"line":44,"column":null}},"21":{"start":{"line":45,"column":2},"end":{"line":45,"column":null}},"22":{"start":{"line":47,"column":2},"end":{"line":47,"column":null}}},"fnMap":{"0":{"name":"POST","decl":{"start":{"line":13,"column":22},"end":{"line":13,"column":27}},"loc":{"start":{"line":13,"column":68},"end":{"line":47,"column":null}},"line":13}},"branchMap":{"0":{"loc":{"start":{"line":15,"column":13},"end":{"line":15,"column":null}},"type":"binary-expr","locations":[{"start":{"line":15,"column":13},"end":{"line":15,"column":47}},{"start":{"line":15,"column":51},"end":{"line":15,"column":79}},{"start":{"line":15,"column":83},"end":{"line":15,"column":null}}],"line":15},"1":{"loc":{"start":{"line":17,"column":2},"end":{"line":18,"column":null}},"type":"if","locations":[{"start":{"line":17,"column":2},"end":{"line":18,"column":null}},{"start":{},"end":{}}],"line":17},"2":{"loc":{"start":{"line":23,"column":2},"end":{"line":24,"column":null}},"type":"if","locations":[{"start":{"line":23,"column":2},"end":{"line":24,"column":null}},{"start":{},"end":{}}],"line":23},"3":{"loc":{"start":{"line":30,"column":2},"end":{"line":33,"column":null}},"type":"if","locations":[{"start":{"line":30,"column":2},"end":{"line":33,"column":null}},{"start":{},"end":{}}],"line":30},"4":{"loc":{"start":{"line":37,"column":2},"end":{"line":38,"column":null}},"type":"if","locations":[{"start":{"line":37,"column":2},"end":{"line":38,"column":null}},{"start":{},"end":{}}],"line":37}},"s":{"0":1,"1":5,"2":5,"3":5,"4":1,"5":4,"6":4,"7":4,"8":1,"9":3,"10":3,"11":3,"12":1,"13":1,"14":2,"15":2,"16":1,"17":1,"18":1,"19":1,"20":1,"21":1,"22":1},"f":{"0":5},"b":{"0":[5,5,5],"1":[1,4],"2":[1,3],"3":[1,2],"4":[1,1]},"meta":{"lastBranch":5,"lastFunction":1,"lastStatement":23,"seen":{"s:8:18:11:2":0,"f:13:22:13:27":0,"s:15:13:15:Infinity":1,"b:15:13:15:47:15:51:15:79:15:83:15:Infinity":0,"s:16:18:16:53":2,"b:17:2:18:Infinity:undefined:undefined:undefined:undefined":1,"s:17:2:18:Infinity":3,"s:18:4:18:Infinity":4,"s:21:24:21:40":5,"s:22:17:22:42":6,"b:23:2:24:Infinity:undefined:undefined:undefined:undefined":2,"s:23:2:24:Infinity":7,"s:24:4:24:Infinity":8,"s:27:33:27:Infinity":9,"s:29:15:29:69":10,"b:30:2:33:Infinity:undefined:undefined:undefined:undefined":3,"s:30:2:33:Infinity":11,"s:32:4:32:Infinity":12,"s:33:4:33:Infinity":13,"s:36:16:36:65":14,"b:37:2:38:Infinity:undefined:undefined:undefined:undefined":4,"s:37:2:38:Infinity":15,"s:38:4:38:Infinity":16,"s:41:18:41:36":17,"s:42:2:42:Infinity":18,"s:43:2:43:Infinity":19,"s:44:2:44:Infinity":20,"s:45:2:45:Infinity":21,"s:47:2:47:Infinity":22}}}
,"/home/markhughneri-piertwo/work/remotty/apps/web/src/app/api/auth/logout/route.ts": {"path":"/home/markhughneri-piertwo/work/remotty/apps/web/src/app/api/auth/logout/route.ts","statementMap":{"0":{"start":{"line":6,"column":18},"end":{"line":6,"column":36}},"1":{"start":{"line":7,"column":19},"end":{"line":7,"column":null}},"2":{"start":{"line":8,"column":2},"end":{"line":8,"column":null}},"3":{"start":{"line":10,"column":2},"end":{"line":15,"column":null}},"4":{"start":{"line":11,"column":4},"end":{"line":15,"column":null}},"5":{"start":{"line":18,"column":2},"end":{"line":18,"column":null}}},"fnMap":{"0":{"name":"POST","decl":{"start":{"line":5,"column":22},"end":{"line":5,"column":52}},"loc":{"start":{"line":5,"column":52},"end":{"line":18,"column":null}},"line":5}},"branchMap":{"0":{"loc":{"start":{"line":10,"column":2},"end":{"line":15,"column":null}},"type":"if","locations":[{"start":{"line":10,"column":2},"end":{"line":15,"column":null}},{"start":{},"end":{}}],"line":10}},"s":{"0":0,"1":0,"2":0,"3":0,"4":0,"5":0},"f":{"0":0},"b":{"0":[0,0]},"meta":{"lastBranch":1,"lastFunction":1,"lastStatement":6,"seen":{"f:5:22:5:52":0,"s:6:18:6:36":0,"s:7:19:7:Infinity":1,"s:8:2:8:Infinity":2,"b:10:2:15:Infinity:undefined:undefined:undefined:undefined":0,"s:10:2:15:Infinity":3,"s:11:4:15:Infinity":4,"s:18:2:18:Infinity":5}}}
,"/home/markhughneri-piertwo/work/remotty/apps/web/src/app/api/hosts/route.ts": {"path":"/home/markhughneri-piertwo/work/remotty/apps/web/src/app/api/hosts/route.ts","statementMap":{"0":{"start":{"line":11,"column":15},"end":{"line":11,"column":34}},"1":{"start":{"line":12,"column":2},"end":{"line":12,"column":null}},"2":{"start":{"line":12,"column":13},"end":{"line":12,"column":null}},"3":{"start":{"line":15,"column":39},"end":{"line":15,"column":92}},"4":{"start":{"line":17,"column":16},"end":{"line":29,"column":4}},"5":{"start":{"line":30,"column":2},"end":{"line":30,"column":null}},"6":{"start":{"line":33,"column":25},"end":{"line":35,"column":2}},"7":{"start":{"line":38,"column":15},"end":{"line":38,"column":34}},"8":{"start":{"line":39,"column":2},"end":{"line":39,"column":null}},"9":{"start":{"line":39,"column":13},"end":{"line":39,"column":null}},"10":{"start":{"line":41,"column":2},"end":{"line":41,"column":null}},"11":{"start":{"line":41,"column":29},"end":{"line":41,"column":null}},"12":{"start":{"line":43,"column":24},"end":{"line":43,"column":40}},"13":{"start":{"line":44,"column":17},"end":{"line":44,"column":49}},"14":{"start":{"line":45,"column":2},"end":{"line":45,"column":null}},"15":{"start":{"line":45,"column":23},"end":{"line":45,"column":null}},"16":{"start":{"line":47,"column":19},"end":{"line":47,"column":87}},"17":{"start":{"line":48,"column":2},"end":{"line":48,"column":null}},"18":{"start":{"line":48,"column":16},"end":{"line":48,"column":null}},"19":{"start":{"line":51,"column":8},"end":{"line":51,"column":50}},"20":{"start":{"line":52,"column":22},"end":{"line":52,"column":53}},"21":{"start":{"line":54,"column":15},"end":{"line":57,"column":4}},"22":{"start":{"line":59,"column":2},"end":{"line":64,"column":null}},"23":{"start":{"line":67,"column":2},"end":{"line":67,"column":null}}},"fnMap":{"0":{"name":"GET","decl":{"start":{"line":10,"column":22},"end":{"line":10,"column":51}},"loc":{"start":{"line":10,"column":51},"end":{"line":30,"column":null}},"line":10},"1":{"name":"POST","decl":{"start":{"line":37,"column":22},"end":{"line":37,"column":27}},"loc":{"start":{"line":37,"column":64},"end":{"line":67,"column":null}},"line":37}},"branchMap":{"0":{"loc":{"start":{"line":12,"column":2},"end":{"line":12,"column":null}},"type":"if","locations":[{"start":{"line":12,"column":2},"end":{"line":12,"column":null}},{"start":{},"end":{}}],"line":12},"1":{"loc":{"start":{"line":15,"column":39},"end":{"line":15,"column":92}},"type":"cond-expr","locations":[{"start":{"line":15,"column":63},"end":{"line":15,"column":65}},{"start":{"line":15,"column":68},"end":{"line":15,"column":92}}],"line":15},"2":{"loc":{"start":{"line":39,"column":2},"end":{"line":39,"column":null}},"type":"if","locations":[{"start":{"line":39,"column":2},"end":{"line":39,"column":null}},{"start":{},"end":{}}],"line":39},"3":{"loc":{"start":{"line":41,"column":2},"end":{"line":41,"column":null}},"type":"if","locations":[{"start":{"line":41,"column":2},"end":{"line":41,"column":null}},{"start":{},"end":{}}],"line":41},"4":{"loc":{"start":{"line":45,"column":2},"end":{"line":45,"column":null}},"type":"if","locations":[{"start":{"line":45,"column":2},"end":{"line":45,"column":null}},{"start":{},"end":{}}],"line":45},"5":{"loc":{"start":{"line":48,"column":2},"end":{"line":48,"column":null}},"type":"if","locations":[{"start":{"line":48,"column":2},"end":{"line":48,"column":null}},{"start":{},"end":{}}],"line":48}},"s":{"0":0,"1":0,"2":0,"3":0,"4":0,"5":0,"6":0,"7":0,"8":0,"9":0,"10":0,"11":0,"12":0,"13":0,"14":0,"15":0,"16":0,"17":0,"18":0,"19":0,"20":0,"21":0,"22":0,"23":0},"f":{"0":0,"1":0},"b":{"0":[0,0],"1":[0,0],"2":[0,0],"3":[0,0],"4":[0,0],"5":[0,0]},"meta":{"lastBranch":6,"lastFunction":2,"lastStatement":24,"seen":{"f:10:22:10:51":0,"s:11:15:11:34":0,"b:12:2:12:Infinity:undefined:undefined:undefined:undefined":0,"s:12:2:12:Infinity":1,"s:12:13:12:Infinity":2,"s:15:39:15:92":3,"b:15:63:15:65:15:68:15:92":1,"s:17:16:29:4":4,"s:30:2:30:Infinity":5,"s:33:25:35:2":6,"f:37:22:37:27":1,"s:38:15:38:34":7,"b:39:2:39:Infinity:undefined:undefined:undefined:undefined":2,"s:39:2:39:Infinity":8,"s:39:13:39:Infinity":9,"b:41:2:41:Infinity:undefined:undefined:undefined:undefined":3,"s:41:2:41:Infinity":10,"s:41:29:41:Infinity":11,"s:43:24:43:40":12,"s:44:17:44:49":13,"b:45:2:45:Infinity:undefined:undefined:undefined:undefined":4,"s:45:2:45:Infinity":14,"s:45:23:45:Infinity":15,"s:47:19:47:87":16,"b:48:2:48:Infinity:undefined:undefined:undefined:undefined":5,"s:48:2:48:Infinity":17,"s:48:16:48:Infinity":18,"s:51:8:51:50":19,"s:52:22:52:53":20,"s:54:15:57:4":21,"s:59:2:64:Infinity":22,"s:67:2:67:Infinity":23}}}
,"/home/markhughneri-piertwo/work/remotty/apps/web/src/app/api/hosts/[id]/route.ts": {"path":"/home/markhughneri-piertwo/work/remotty/apps/web/src/app/api/hosts/[id]/route.ts","statementMap":{"0":{"start":{"line":10,"column":15},"end":{"line":10,"column":34}},"1":{"start":{"line":11,"column":2},"end":{"line":11,"column":null}},"2":{"start":{"line":11,"column":13},"end":{"line":11,"column":null}},"3":{"start":{"line":13,"column":2},"end":{"line":13,"column":null}},"4":{"start":{"line":13,"column":29},"end":{"line":13,"column":null}},"5":{"start":{"line":15,"column":17},"end":{"line":15,"column":null}},"6":{"start":{"line":16,"column":15},"end":{"line":16,"column":63}},"7":{"start":{"line":17,"column":2},"end":{"line":17,"column":null}},"8":{"start":{"line":17,"column":13},"end":{"line":17,"column":null}},"9":{"start":{"line":19,"column":2},"end":{"line":19,"column":null}},"10":{"start":{"line":21,"column":2},"end":{"line":26,"column":null}},"11":{"start":{"line":28,"column":2},"end":{"line":28,"column":null}}},"fnMap":{"0":{"name":"DELETE","decl":{"start":{"line":6,"column":22},"end":{"line":6,"column":null}},"loc":{"start":{"line":9,"column":25},"end":{"line":28,"column":null}},"line":9}},"branchMap":{"0":{"loc":{"start":{"line":11,"column":2},"end":{"line":11,"column":null}},"type":"if","locations":[{"start":{"line":11,"column":2},"end":{"line":11,"column":null}},{"start":{},"end":{}}],"line":11},"1":{"loc":{"start":{"line":13,"column":2},"end":{"line":13,"column":null}},"type":"if","locations":[{"start":{"line":13,"column":2},"end":{"line":13,"column":null}},{"start":{},"end":{}}],"line":13},"2":{"loc":{"start":{"line":17,"column":2},"end":{"line":17,"column":null}},"type":"if","locations":[{"start":{"line":17,"column":2},"end":{"line":17,"column":null}},{"start":{},"end":{}}],"line":17}},"s":{"0":0,"1":0,"2":0,"3":0,"4":0,"5":0,"6":0,"7":0,"8":0,"9":0,"10":0,"11":0},"f":{"0":0},"b":{"0":[0,0],"1":[0,0],"2":[0,0]},"meta":{"lastBranch":3,"lastFunction":1,"lastStatement":12,"seen":{"f:6:22:6:Infinity":0,"s:10:15:10:34":0,"b:11:2:11:Infinity:undefined:undefined:undefined:undefined":0,"s:11:2:11:Infinity":1,"s:11:13:11:Infinity":2,"b:13:2:13:Infinity:undefined:undefined:undefined:undefined":1,"s:13:2:13:Infinity":3,"s:13:29:13:Infinity":4,"s:15:17:15:Infinity":5,"s:16:15:16:63":6,"b:17:2:17:Infinity:undefined:undefined:undefined:undefined":2,"s:17:2:17:Infinity":7,"s:17:13:17:Infinity":8,"s:19:2:19:Infinity":9,"s:21:2:26:Infinity":10,"s:28:2:28:Infinity":11}}}
,"/home/markhughneri-piertwo/work/remotty/apps/web/src/app/api/profiles/route.ts": {"path":"/home/markhughneri-piertwo/work/remotty/apps/web/src/app/api/profiles/route.ts","statementMap":{"0":{"start":{"line":7,"column":20},"end":{"line":13,"column":2}},"1":{"start":{"line":16,"column":15},"end":{"line":16,"column":34}},"2":{"start":{"line":17,"column":2},"end":{"line":17,"column":null}},"3":{"start":{"line":17,"column":13},"end":{"line":17,"column":null}},"4":{"start":{"line":20,"column":19},"end":{"line":32,"column":4}},"5":{"start":{"line":33,"column":2},"end":{"line":33,"column":null}},"6":{"start":{"line":37,"column":15},"end":{"line":37,"column":34}},"7":{"start":{"line":38,"column":2},"end":{"line":38,"column":null}},"8":{"start":{"line":38,"column":13},"end":{"line":38,"column":null}},"9":{"start":{"line":40,"column":24},"end":{"line":40,"column":40}},"10":{"start":{"line":41,"column":17},"end":{"line":41,"column":44}},"11":{"start":{"line":42,"column":2},"end":{"line":42,"column":null}},"12":{"start":{"line":42,"column":23},"end":{"line":42,"column":null}},"13":{"start":{"line":44,"column":19},"end":{"line":44,"column":90}},"14":{"start":{"line":45,"column":2},"end":{"line":45,"column":null}},"15":{"start":{"line":45,"column":16},"end":{"line":45,"column":null}},"16":{"start":{"line":48,"column":18},"end":{"line":53,"column":4}},"17":{"start":{"line":55,"column":2},"end":{"line":60,"column":null}},"18":{"start":{"line":62,"column":2},"end":{"line":62,"column":null}}},"fnMap":{"0":{"name":"GET","decl":{"start":{"line":15,"column":22},"end":{"line":15,"column":51}},"loc":{"start":{"line":15,"column":51},"end":{"line":33,"column":null}},"line":15},"1":{"name":"POST","decl":{"start":{"line":36,"column":22},"end":{"line":36,"column":27}},"loc":{"start":{"line":36,"column":64},"end":{"line":62,"column":null}},"line":36}},"branchMap":{"0":{"loc":{"start":{"line":17,"column":2},"end":{"line":17,"column":null}},"type":"if","locations":[{"start":{"line":17,"column":2},"end":{"line":17,"column":null}},{"start":{},"end":{}}],"line":17},"1":{"loc":{"start":{"line":38,"column":2},"end":{"line":38,"column":null}},"type":"if","locations":[{"start":{"line":38,"column":2},"end":{"line":38,"column":null}},{"start":{},"end":{}}],"line":38},"2":{"loc":{"start":{"line":42,"column":2},"end":{"line":42,"column":null}},"type":"if","locations":[{"start":{"line":42,"column":2},"end":{"line":42,"column":null}},{"start":{},"end":{}}],"line":42},"3":{"loc":{"start":{"line":45,"column":2},"end":{"line":45,"column":null}},"type":"if","locations":[{"start":{"line":45,"column":2},"end":{"line":45,"column":null}},{"start":{},"end":{}}],"line":45},"4":{"loc":{"start":{"line":51,"column":15},"end":{"line":51,"column":null}},"type":"binary-expr","locations":[{"start":{"line":51,"column":15},"end":{"line":51,"column":30}},{"start":{"line":51,"column":30},"end":{"line":51,"column":null}}],"line":51}},"s":{"0":0,"1":0,"2":0,"3":0,"4":0,"5":0,"6":0,"7":0,"8":0,"9":0,"10":0,"11":0,"12":0,"13":0,"14":0,"15":0,"16":0,"17":0,"18":0},"f":{"0":0,"1":0},"b":{"0":[0,0],"1":[0,0],"2":[0,0],"3":[0,0],"4":[0,0]},"meta":{"lastBranch":5,"lastFunction":2,"lastStatement":19,"seen":{"s:7:20:13:2":0,"f:15:22:15:51":0,"s:16:15:16:34":1,"b:17:2:17:Infinity:undefined:undefined:undefined:undefined":0,"s:17:2:17:Infinity":2,"s:17:13:17:Infinity":3,"s:20:19:32:4":4,"s:33:2:33:Infinity":5,"f:36:22:36:27":1,"s:37:15:37:34":6,"b:38:2:38:Infinity:undefined:undefined:undefined:undefined":1,"s:38:2:38:Infinity":7,"s:38:13:38:Infinity":8,"s:40:24:40:40":9,"s:41:17:41:44":10,"b:42:2:42:Infinity:undefined:undefined:undefined:undefined":2,"s:42:2:42:Infinity":11,"s:42:23:42:Infinity":12,"s:44:19:44:90":13,"b:45:2:45:Infinity:undefined:undefined:undefined:undefined":3,"s:45:2:45:Infinity":14,"s:45:16:45:Infinity":15,"s:48:18:53:4":16,"b:51:15:51:30:51:30:51:Infinity":4,"s:55:2:60:Infinity":17,"s:62:2:62:Infinity":18}}}
,"/home/markhughneri-piertwo/work/remotty/apps/web/src/app/api/profiles/[id]/route.ts": {"path":"/home/markhughneri-piertwo/work/remotty/apps/web/src/app/api/profiles/[id]/route.ts","statementMap":{"0":{"start":{"line":7,"column":26},"end":{"line":13,"column":2}},"1":{"start":{"line":19,"column":15},"end":{"line":19,"column":34}},"2":{"start":{"line":20,"column":2},"end":{"line":20,"column":null}},"3":{"start":{"line":20,"column":13},"end":{"line":20,"column":null}},"4":{"start":{"line":22,"column":17},"end":{"line":22,"column":null}},"5":{"start":{"line":23,"column":18},"end":{"line":23,"column":69}},"6":{"start":{"line":24,"column":2},"end":{"line":24,"column":null}},"7":{"start":{"line":24,"column":16},"end":{"line":24,"column":null}},"8":{"start":{"line":26,"column":2},"end":{"line":26,"column":null}},"9":{"start":{"line":33,"column":15},"end":{"line":33,"column":34}},"10":{"start":{"line":34,"column":2},"end":{"line":34,"column":null}},"11":{"start":{"line":34,"column":13},"end":{"line":34,"column":null}},"12":{"start":{"line":36,"column":17},"end":{"line":36,"column":null}},"13":{"start":{"line":37,"column":24},"end":{"line":37,"column":40}},"14":{"start":{"line":38,"column":17},"end":{"line":38,"column":50}},"15":{"start":{"line":39,"column":2},"end":{"line":39,"column":null}},"16":{"start":{"line":39,"column":23},"end":{"line":39,"column":null}},"17":{"start":{"line":41,"column":18},"end":{"line":41,"column":69}},"18":{"start":{"line":42,"column":2},"end":{"line":42,"column":null}},"19":{"start":{"line":42,"column":16},"end":{"line":42,"column":null}},"20":{"start":{"line":45,"column":2},"end":{"line":46,"column":null}},"21":{"start":{"line":46,"column":4},"end":{"line":46,"column":null}},"22":{"start":{"line":49,"column":2},"end":{"line":51,"column":null}},"23":{"start":{"line":50,"column":21},"end":{"line":50,"column":92}},"24":{"start":{"line":51,"column":4},"end":{"line":51,"column":null}},"25":{"start":{"line":51,"column":18},"end":{"line":51,"column":null}},"26":{"start":{"line":54,"column":18},"end":{"line":54,"column":84}},"27":{"start":{"line":56,"column":2},"end":{"line":61,"column":null}},"28":{"start":{"line":63,"column":2},"end":{"line":63,"column":null}},"29":{"start":{"line":70,"column":15},"end":{"line":70,"column":34}},"30":{"start":{"line":71,"column":2},"end":{"line":71,"column":null}},"31":{"start":{"line":71,"column":13},"end":{"line":71,"column":null}},"32":{"start":{"line":73,"column":17},"end":{"line":73,"column":null}},"33":{"start":{"line":74,"column":18},"end":{"line":74,"column":69}},"34":{"start":{"line":75,"column":2},"end":{"line":75,"column":null}},"35":{"start":{"line":75,"column":16},"end":{"line":75,"column":null}},"36":{"start":{"line":78,"column":2},"end":{"line":79,"column":null}},"37":{"start":{"line":79,"column":4},"end":{"line":79,"column":null}},"38":{"start":{"line":82,"column":2},"end":{"line":82,"column":null}},"39":{"start":{"line":84,"column":2},"end":{"line":89,"column":null}},"40":{"start":{"line":91,"column":2},"end":{"line":91,"column":null}}},"fnMap":{"0":{"name":"GET","decl":{"start":{"line":15,"column":22},"end":{"line":15,"column":null}},"loc":{"start":{"line":18,"column":25},"end":{"line":26,"column":null}},"line":18},"1":{"name":"PUT","decl":{"start":{"line":29,"column":22},"end":{"line":29,"column":null}},"loc":{"start":{"line":32,"column":25},"end":{"line":63,"column":null}},"line":32},"2":{"name":"DELETE","decl":{"start":{"line":66,"column":22},"end":{"line":66,"column":null}},"loc":{"start":{"line":69,"column":25},"end":{"line":91,"column":null}},"line":69}},"branchMap":{"0":{"loc":{"start":{"line":20,"column":2},"end":{"line":20,"column":null}},"type":"if","locations":[{"start":{"line":20,"column":2},"end":{"line":20,"column":null}},{"start":{},"end":{}}],"line":20},"1":{"loc":{"start":{"line":24,"column":2},"end":{"line":24,"column":null}},"type":"if","locations":[{"start":{"line":24,"column":2},"end":{"line":24,"column":null}},{"start":{},"end":{}}],"line":24},"2":{"loc":{"start":{"line":34,"column":2},"end":{"line":34,"column":null}},"type":"if","locations":[{"start":{"line":34,"column":2},"end":{"line":34,"column":null}},{"start":{},"end":{}}],"line":34},"3":{"loc":{"start":{"line":39,"column":2},"end":{"line":39,"column":null}},"type":"if","locations":[{"start":{"line":39,"column":2},"end":{"line":39,"column":null}},{"start":{},"end":{}}],"line":39},"4":{"loc":{"start":{"line":42,"column":2},"end":{"line":42,"column":null}},"type":"if","locations":[{"start":{"line":42,"column":2},"end":{"line":42,"column":null}},{"start":{},"end":{}}],"line":42},"5":{"loc":{"start":{"line":45,"column":2},"end":{"line":46,"column":null}},"type":"if","locations":[{"start":{"line":45,"column":2},"end":{"line":46,"column":null}},{"start":{},"end":{}}],"line":45},"6":{"loc":{"start":{"line":45,"column":6},"end":{"line":45,"column":64}},"type":"binary-expr","locations":[{"start":{"line":45,"column":6},"end":{"line":45,"column":31}},{"start":{"line":45,"column":31},"end":{"line":45,"column":64}}],"line":45},"7":{"loc":{"start":{"line":49,"column":2},"end":{"line":51,"column":null}},"type":"if","locations":[{"start":{"line":49,"column":2},"end":{"line":51,"column":null}},{"start":{},"end":{}}],"line":49},"8":{"loc":{"start":{"line":49,"column":6},"end":{"line":49,"column":61}},"type":"binary-expr","locations":[{"start":{"line":49,"column":6},"end":{"line":49,"column":26}},{"start":{"line":49,"column":26},"end":{"line":49,"column":61}}],"line":49},"9":{"loc":{"start":{"line":51,"column":4},"end":{"line":51,"column":null}},"type":"if","locations":[{"start":{"line":51,"column":4},"end":{"line":51,"column":null}},{"start":{},"end":{}}],"line":51},"10":{"loc":{"start":{"line":71,"column":2},"end":{"line":71,"column":null}},"type":"if","locations":[{"start":{"line":71,"column":2},"end":{"line":71,"column":null}},{"start":{},"end":{}}],"line":71},"11":{"loc":{"start":{"line":75,"column":2},"end":{"line":75,"column":null}},"type":"if","locations":[{"start":{"line":75,"column":2},"end":{"line":75,"column":null}},{"start":{},"end":{}}],"line":75},"12":{"loc":{"start":{"line":78,"column":2},"end":{"line":79,"column":null}},"type":"if","locations":[{"start":{"line":78,"column":2},"end":{"line":79,"column":null}},{"start":{},"end":{}}],"line":78},"13":{"loc":{"start":{"line":78,"column":6},"end":{"line":78,"column":64}},"type":"binary-expr","locations":[{"start":{"line":78,"column":6},"end":{"line":78,"column":31}},{"start":{"line":78,"column":31},"end":{"line":78,"column":64}}],"line":78}},"s":{"0":0,"1":0,"2":0,"3":0,"4":0,"5":0,"6":0,"7":0,"8":0,"9":0,"10":0,"11":0,"12":0,"13":0,"14":0,"15":0,"16":0,"17":0,"18":0,"19":0,"20":0,"21":0,"22":0,"23":0,"24":0,"25":0,"26":0,"27":0,"28":0,"29":0,"30":0,"31":0,"32":0,"33":0,"34":0,"35":0,"36":0,"37":0,"38":0,"39":0,"40":0},"f":{"0":0,"1":0,"2":0},"b":{"0":[0,0],"1":[0,0],"2":[0,0],"3":[0,0],"4":[0,0],"5":[0,0],"6":[0,0],"7":[0,0],"8":[0,0],"9":[0,0],"10":[0,0],"11":[0,0],"12":[0,0],"13":[0,0]},"meta":{"lastBranch":14,"lastFunction":3,"lastStatement":41,"seen":{"s:7:26:13:2":0,"f:15:22:15:Infinity":0,"s:19:15:19:34":1,"b:20:2:20:Infinity:undefined:undefined:undefined:undefined":0,"s:20:2:20:Infinity":2,"s:20:13:20:Infinity":3,"s:22:17:22:Infinity":4,"s:23:18:23:69":5,"b:24:2:24:Infinity:undefined:undefined:undefined:undefined":1,"s:24:2:24:Infinity":6,"s:24:16:24:Infinity":7,"s:26:2:26:Infinity":8,"f:29:22:29:Infinity":1,"s:33:15:33:34":9,"b:34:2:34:Infinity:undefined:undefined:undefined:undefined":2,"s:34:2:34:Infinity":10,"s:34:13:34:Infinity":11,"s:36:17:36:Infinity":12,"s:37:24:37:40":13,"s:38:17:38:50":14,"b:39:2:39:Infinity:undefined:undefined:undefined:undefined":3,"s:39:2:39:Infinity":15,"s:39:23:39:Infinity":16,"s:41:18:41:69":17,"b:42:2:42:Infinity:undefined:undefined:undefined:undefined":4,"s:42:2:42:Infinity":18,"s:42:16:42:Infinity":19,"b:45:2:46:Infinity:undefined:undefined:undefined:undefined":5,"s:45:2:46:Infinity":20,"b:45:6:45:31:45:31:45:64":6,"s:46:4:46:Infinity":21,"b:49:2:51:Infinity:undefined:undefined:undefined:undefined":7,"s:49:2:51:Infinity":22,"b:49:6:49:26:49:26:49:61":8,"s:50:21:50:92":23,"b:51:4:51:Infinity:undefined:undefined:undefined:undefined":9,"s:51:4:51:Infinity":24,"s:51:18:51:Infinity":25,"s:54:18:54:84":26,"s:56:2:61:Infinity":27,"s:63:2:63:Infinity":28,"f:66:22:66:Infinity":2,"s:70:15:70:34":29,"b:71:2:71:Infinity:undefined:undefined:undefined:undefined":10,"s:71:2:71:Infinity":30,"s:71:13:71:Infinity":31,"s:73:17:73:Infinity":32,"s:74:18:74:69":33,"b:75:2:75:Infinity:undefined:undefined:undefined:undefined":11,"s:75:2:75:Infinity":34,"s:75:16:75:Infinity":35,"b:78:2:79:Infinity:undefined:undefined:undefined:undefined":12,"s:78:2:79:Infinity":36,"b:78:6:78:31:78:31:78:64":13,"s:79:4:79:Infinity":37,"s:82:2:82:Infinity":38,"s:84:2:89:Infinity":39,"s:91:2:91:Infinity":40}}}
,"/home/markhughneri-piertwo/work/remotty/apps/web/src/app/api/sessions/route.ts": {"path":"/home/markhughneri-piertwo/work/remotty/apps/web/src/app/api/sessions/route.ts","statementMap":{"0":{"start":{"line":8,"column":26},"end":{"line":13,"column":2}},"1":{"start":{"line":16,"column":15},"end":{"line":16,"column":34}},"2":{"start":{"line":17,"column":2},"end":{"line":17,"column":null}},"3":{"start":{"line":17,"column":13},"end":{"line":17,"column":null}},"4":{"start":{"line":19,"column":27},"end":{"line":19,"column":43}},"5":{"start":{"line":20,"column":17},"end":{"line":20,"column":43}},"6":{"start":{"line":21,"column":17},"end":{"line":21,"column":43}},"7":{"start":{"line":24,"column":2},"end":{"line":36,"column":null}},"8":{"start":{"line":25,"column":43},"end":{"line":25,"column":45}},"9":{"start":{"line":26,"column":4},"end":{"line":26,"column":null}},"10":{"start":{"line":26,"column":16},"end":{"line":26,"column":null}},"11":{"start":{"line":27,"column":4},"end":{"line":27,"column":null}},"12":{"start":{"line":27,"column":16},"end":{"line":27,"column":null}},"13":{"start":{"line":28,"column":21},"end":{"line":35,"column":6}},"14":{"start":{"line":36,"column":4},"end":{"line":36,"column":null}},"15":{"start":{"line":39,"column":41},"end":{"line":43,"column":null}},"16":{"start":{"line":45,"column":2},"end":{"line":45,"column":null}},"17":{"start":{"line":45,"column":14},"end":{"line":45,"column":null}},"18":{"start":{"line":46,"column":2},"end":{"line":46,"column":null}},"19":{"start":{"line":46,"column":14},"end":{"line":46,"column":null}},"20":{"start":{"line":48,"column":19},"end":{"line":55,"column":4}},"21":{"start":{"line":57,"column":2},"end":{"line":57,"column":null}},"22":{"start":{"line":61,"column":22},"end":{"line":61,"column":41}},"23":{"start":{"line":62,"column":2},"end":{"line":62,"column":null}},"24":{"start":{"line":62,"column":20},"end":{"line":62,"column":null}},"25":{"start":{"line":64,"column":24},"end":{"line":64,"column":40}},"26":{"start":{"line":65,"column":17},"end":{"line":65,"column":50}},"27":{"start":{"line":66,"column":2},"end":{"line":66,"column":null}},"28":{"start":{"line":66,"column":23},"end":{"line":66,"column":null}},"29":{"start":{"line":68,"column":44},"end":{"line":68,"column":null}},"30":{"start":{"line":71,"column":15},"end":{"line":71,"column":71}},"31":{"start":{"line":72,"column":2},"end":{"line":72,"column":null}},"32":{"start":{"line":72,"column":21},"end":{"line":72,"column":null}},"33":{"start":{"line":75,"column":2},"end":{"line":76,"column":null}},"34":{"start":{"line":76,"column":4},"end":{"line":76,"column":null}},"35":{"start":{"line":79,"column":18},"end":{"line":79,"column":80}},"36":{"start":{"line":80,"column":2},"end":{"line":80,"column":null}},"37":{"start":{"line":80,"column":16},"end":{"line":80,"column":null}},"38":{"start":{"line":83,"column":2},"end":{"line":84,"column":null}},"39":{"start":{"line":84,"column":4},"end":{"line":84,"column":null}},"40":{"start":{"line":88,"column":18},"end":{"line":95,"column":4}},"41":{"start":{"line":98,"column":2},"end":{"line":103,"column":null}},"42":{"start":{"line":106,"column":8},"end":{"line":115,"column":4}},"43":{"start":{"line":117,"column":2},"end":{"line":119,"column":null}},"44":{"start":{"line":118,"column":4},"end":{"line":118,"column":null}},"45":{"start":{"line":119,"column":4},"end":{"line":119,"column":null}},"46":{"start":{"line":124,"column":2},"end":{"line":124,"column":null}},"47":{"start":{"line":126,"column":2},"end":{"line":126,"column":null}}},"fnMap":{"0":{"name":"GET","decl":{"start":{"line":15,"column":22},"end":{"line":15,"column":26}},"loc":{"start":{"line":15,"column":63},"end":{"line":57,"column":null}},"line":15},"1":{"name":"POST","decl":{"start":{"line":60,"column":22},"end":{"line":60,"column":27}},"loc":{"start":{"line":60,"column":64},"end":{"line":126,"column":null}},"line":60}},"branchMap":{"0":{"loc":{"start":{"line":17,"column":2},"end":{"line":17,"column":null}},"type":"if","locations":[{"start":{"line":17,"column":2},"end":{"line":17,"column":null}},{"start":{},"end":{}}],"line":17},"1":{"loc":{"start":{"line":24,"column":2},"end":{"line":36,"column":null}},"type":"if","locations":[{"start":{"line":24,"column":2},"end":{"line":36,"column":null}},{"start":{},"end":{}}],"line":24},"2":{"loc":{"start":{"line":24,"column":6},"end":{"line":24,"column":64}},"type":"binary-expr","locations":[{"start":{"line":24,"column":6},"end":{"line":24,"column":31}},{"start":{"line":24,"column":31},"end":{"line":24,"column":64}}],"line":24},"3":{"loc":{"start":{"line":26,"column":4},"end":{"line":26,"column":null}},"type":"if","locations":[{"start":{"line":26,"column":4},"end":{"line":26,"column":null}},{"start":{},"end":{}}],"line":26},"4":{"loc":{"start":{"line":27,"column":4},"end":{"line":27,"column":null}},"type":"if","locations":[{"start":{"line":27,"column":4},"end":{"line":27,"column":null}},{"start":{},"end":{}}],"line":27},"5":{"loc":{"start":{"line":41,"column":16},"end":{"line":41,"column":35}},"type":"binary-expr","locations":[{"start":{"line":41,"column":16},"end":{"line":41,"column":31}},{"start":{"line":41,"column":31},"end":{"line":41,"column":35}}],"line":41},"6":{"loc":{"start":{"line":45,"column":2},"end":{"line":45,"column":null}},"type":"if","locations":[{"start":{"line":45,"column":2},"end":{"line":45,"column":null}},{"start":{},"end":{}}],"line":45},"7":{"loc":{"start":{"line":46,"column":2},"end":{"line":46,"column":null}},"type":"if","locations":[{"start":{"line":46,"column":2},"end":{"line":46,"column":null}},{"start":{},"end":{}}],"line":46},"8":{"loc":{"start":{"line":62,"column":2},"end":{"line":62,"column":null}},"type":"if","locations":[{"start":{"line":62,"column":2},"end":{"line":62,"column":null}},{"start":{},"end":{}}],"line":62},"9":{"loc":{"start":{"line":66,"column":2},"end":{"line":66,"column":null}},"type":"if","locations":[{"start":{"line":66,"column":2},"end":{"line":66,"column":null}},{"start":{},"end":{}}],"line":66},"10":{"loc":{"start":{"line":72,"column":2},"end":{"line":72,"column":null}},"type":"if","locations":[{"start":{"line":72,"column":2},"end":{"line":72,"column":null}},{"start":{},"end":{}}],"line":72},"11":{"loc":{"start":{"line":75,"column":2},"end":{"line":76,"column":null}},"type":"if","locations":[{"start":{"line":75,"column":2},"end":{"line":76,"column":null}},{"start":{},"end":{}}],"line":75},"12":{"loc":{"start":{"line":75,"column":6},"end":{"line":75,"column":91}},"type":"binary-expr","locations":[{"start":{"line":75,"column":6},"end":{"line":75,"column":38}},{"start":{"line":75,"column":38},"end":{"line":75,"column":54}},{"start":{"line":75,"column":54},"end":{"line":75,"column":91}}],"line":75},"13":{"loc":{"start":{"line":80,"column":2},"end":{"line":80,"column":null}},"type":"if","locations":[{"start":{"line":80,"column":2},"end":{"line":80,"column":null}},{"start":{},"end":{}}],"line":80},"14":{"loc":{"start":{"line":83,"column":2},"end":{"line":84,"column":null}},"type":"if","locations":[{"start":{"line":83,"column":2},"end":{"line":84,"column":null}},{"start":{},"end":{}}],"line":83},"15":{"loc":{"start":{"line":83,"column":6},"end":{"line":83,"column":97}},"type":"binary-expr","locations":[{"start":{"line":83,"column":6},"end":{"line":83,"column":38}},{"start":{"line":83,"column":38},"end":{"line":83,"column":57}},{"start":{"line":83,"column":57},"end":{"line":83,"column":97}}],"line":83},"16":{"loc":{"start":{"line":92,"column":14},"end":{"line":92,"column":null}},"type":"binary-expr","locations":[{"start":{"line":92,"column":14},"end":{"line":92,"column":36}},{"start":{"line":92,"column":36},"end":{"line":92,"column":null}}],"line":92},"17":{"loc":{"start":{"line":112,"column":9},"end":{"line":112,"column":null}},"type":"binary-expr","locations":[{"start":{"line":112,"column":9},"end":{"line":112,"column":24}},{"start":{"line":112,"column":24},"end":{"line":112,"column":null}}],"line":112},"18":{"loc":{"start":{"line":117,"column":2},"end":{"line":119,"column":null}},"type":"if","locations":[{"start":{"line":117,"column":2},"end":{"line":119,"column":null}},{"start":{},"end":{}}],"line":117}},"s":{"0":0,"1":0,"2":0,"3":0,"4":0,"5":0,"6":0,"7":0,"8":0,"9":0,"10":0,"11":0,"12":0,"13":0,"14":0,"15":0,"16":0,"17":0,"18":0,"19":0,"20":0,"21":0,"22":0,"23":0,"24":0,"25":0,"26":0,"27":0,"28":0,"29":0,"30":0,"31":0,"32":0,"33":0,"34":0,"35":0,"36":0,"37":0,"38":0,"39":0,"40":0,"41":0,"42":0,"43":0,"44":0,"45":0,"46":0,"47":0},"f":{"0":0,"1":0},"b":{"0":[0,0],"1":[0,0],"2":[0,0],"3":[0,0],"4":[0,0],"5":[0,0],"6":[0,0],"7":[0,0],"8":[0,0],"9":[0,0],"10":[0,0],"11":[0,0],"12":[0,0,0],"13":[0,0],"14":[0,0],"15":[0,0,0],"16":[0,0],"17":[0,0],"18":[0,0]},"meta":{"lastBranch":19,"lastFunction":2,"lastStatement":48,"seen":{"s:8:26:13:2":0,"f:15:22:15:26":0,"s:16:15:16:34":1,"b:17:2:17:Infinity:undefined:undefined:undefined:undefined":0,"s:17:2:17:Infinity":2,"s:17:13:17:Infinity":3,"s:19:27:19:43":4,"s:20:17:20:43":5,"s:21:17:21:43":6,"b:24:2:36:Infinity:undefined:undefined:undefined:undefined":1,"s:24:2:36:Infinity":7,"b:24:6:24:31:24:31:24:64":2,"s:25:43:25:45":8,"b:26:4:26:Infinity:undefined:undefined:undefined:undefined":3,"s:26:4:26:Infinity":9,"s:26:16:26:Infinity":10,"b:27:4:27:Infinity:undefined:undefined:undefined:undefined":4,"s:27:4:27:Infinity":11,"s:27:16:27:Infinity":12,"s:28:21:35:6":13,"s:36:4:36:Infinity":14,"s:39:41:43:Infinity":15,"b:41:16:41:31:41:31:41:35":5,"b:45:2:45:Infinity:undefined:undefined:undefined:undefined":6,"s:45:2:45:Infinity":16,"s:45:14:45:Infinity":17,"b:46:2:46:Infinity:undefined:undefined:undefined:undefined":7,"s:46:2:46:Infinity":18,"s:46:14:46:Infinity":19,"s:48:19:55:4":20,"s:57:2:57:Infinity":21,"f:60:22:60:27":1,"s:61:22:61:41":22,"b:62:2:62:Infinity:undefined:undefined:undefined:undefined":8,"s:62:2:62:Infinity":23,"s:62:20:62:Infinity":24,"s:64:24:64:40":25,"s:65:17:65:50":26,"b:66:2:66:Infinity:undefined:undefined:undefined:undefined":9,"s:66:2:66:Infinity":27,"s:66:23:66:Infinity":28,"s:68:44:68:Infinity":29,"s:71:15:71:71":30,"b:72:2:72:Infinity:undefined:undefined:undefined:undefined":10,"s:72:2:72:Infinity":31,"s:72:21:72:Infinity":32,"b:75:2:76:Infinity:undefined:undefined:undefined:undefined":11,"s:75:2:76:Infinity":33,"b:75:6:75:38:75:38:75:54:75:54:75:91":12,"s:76:4:76:Infinity":34,"s:79:18:79:80":35,"b:80:2:80:Infinity:undefined:undefined:undefined:undefined":13,"s:80:2:80:Infinity":36,"s:80:16:80:Infinity":37,"b:83:2:84:Infinity:undefined:undefined:undefined:undefined":14,"s:83:2:84:Infinity":38,"b:83:6:83:38:83:38:83:57:83:57:83:97":15,"s:84:4:84:Infinity":39,"s:88:18:95:4":40,"b:92:14:92:36:92:36:92:Infinity":16,"s:98:2:103:Infinity":41,"s:106:8:115:4":42,"b:112:9:112:24:112:24:112:Infinity":17,"b:117:2:119:Infinity:undefined:undefined:undefined:undefined":18,"s:117:2:119:Infinity":43,"s:118:4:118:Infinity":44,"s:119:4:119:Infinity":45,"s:124:2:124:Infinity":46,"s:126:2:126:Infinity":47}}}
,"/home/markhughneri-piertwo/work/remotty/apps/web/src/app/api/sessions/[id]/access/route.ts": {"path":"/home/markhughneri-piertwo/work/remotty/apps/web/src/app/api/sessions/[id]/access/route.ts","statementMap":{"0":{"start":{"line":8,"column":18},"end":{"line":11,"column":2}},"1":{"start":{"line":18,"column":15},"end":{"line":18,"column":34}},"2":{"start":{"line":19,"column":2},"end":{"line":19,"column":null}},"3":{"start":{"line":19,"column":13},"end":{"line":19,"column":null}},"4":{"start":{"line":21,"column":28},"end":{"line":21,"column":null}},"5":{"start":{"line":24,"column":18},"end":{"line":31,"column":4}},"6":{"start":{"line":33,"column":2},"end":{"line":33,"column":null}},"7":{"start":{"line":33,"column":16},"end":{"line":33,"column":null}},"8":{"start":{"line":37,"column":4},"end":{"line":39,"column":60}},"9":{"start":{"line":39,"column":35},"end":{"line":39,"column":60}},"10":{"start":{"line":41,"column":2},"end":{"line":41,"column":null}},"11":{"start":{"line":41,"column":18},"end":{"line":41,"column":null}},"12":{"start":{"line":43,"column":2},"end":{"line":51,"column":null}},"13":{"start":{"line":46,"column":47},"end":{"line":50,"column":null}},"14":{"start":{"line":59,"column":15},"end":{"line":59,"column":34}},"15":{"start":{"line":60,"column":2},"end":{"line":60,"column":null}},"16":{"start":{"line":60,"column":13},"end":{"line":60,"column":null}},"17":{"start":{"line":62,"column":28},"end":{"line":62,"column":null}},"18":{"start":{"line":64,"column":24},"end":{"line":64,"column":40}},"19":{"start":{"line":65,"column":17},"end":{"line":65,"column":42}},"20":{"start":{"line":66,"column":2},"end":{"line":66,"column":null}},"21":{"start":{"line":66,"column":23},"end":{"line":66,"column":null}},"22":{"start":{"line":68,"column":47},"end":{"line":68,"column":null}},"23":{"start":{"line":71,"column":18},"end":{"line":71,"column":80}},"24":{"start":{"line":72,"column":2},"end":{"line":72,"column":null}},"25":{"start":{"line":72,"column":16},"end":{"line":72,"column":null}},"26":{"start":{"line":75,"column":2},"end":{"line":76,"column":null}},"27":{"start":{"line":76,"column":4},"end":{"line":76,"column":null}},"28":{"start":{"line":80,"column":21},"end":{"line":80,"column":83}},"29":{"start":{"line":81,"column":2},"end":{"line":81,"column":null}},"30":{"start":{"line":81,"column":19},"end":{"line":81,"column":null}},"31":{"start":{"line":84,"column":2},"end":{"line":85,"column":null}},"32":{"start":{"line":85,"column":4},"end":{"line":85,"column":null}},"33":{"start":{"line":89,"column":2},"end":{"line":93,"column":null}},"34":{"start":{"line":95,"column":2},"end":{"line":100,"column":null}},"35":{"start":{"line":102,"column":2},"end":{"line":102,"column":null}}},"fnMap":{"0":{"name":"GET","decl":{"start":{"line":14,"column":22},"end":{"line":14,"column":null}},"loc":{"start":{"line":17,"column":25},"end":{"line":51,"column":null}},"line":17},"1":{"name":"(anonymous_1)","decl":{"start":{"line":39,"column":23},"end":{"line":39,"column":29}},"loc":{"start":{"line":39,"column":35},"end":{"line":39,"column":60}},"line":39},"2":{"name":"(anonymous_2)","decl":{"start":{"line":46,"column":35},"end":{"line":46,"column":40}},"loc":{"start":{"line":46,"column":47},"end":{"line":50,"column":null}},"line":46},"3":{"name":"POST","decl":{"start":{"line":55,"column":22},"end":{"line":55,"column":null}},"loc":{"start":{"line":58,"column":25},"end":{"line":102,"column":null}},"line":58}},"branchMap":{"0":{"loc":{"start":{"line":19,"column":2},"end":{"line":19,"column":null}},"type":"if","locations":[{"start":{"line":19,"column":2},"end":{"line":19,"column":null}},{"start":{},"end":{}}],"line":19},"1":{"loc":{"start":{"line":33,"column":2},"end":{"line":33,"column":null}},"type":"if","locations":[{"start":{"line":33,"column":2},"end":{"line":33,"column":null}},{"start":{},"end":{}}],"line":33},"2":{"loc":{"start":{"line":37,"column":4},"end":{"line":39,"column":60}},"type":"binary-expr","locations":[{"start":{"line":37,"column":4},"end":{"line":37,"column":null}},{"start":{"line":38,"column":4},"end":{"line":38,"column":null}},{"start":{"line":39,"column":4},"end":{"line":39,"column":60}}],"line":37},"3":{"loc":{"start":{"line":41,"column":2},"end":{"line":41,"column":null}},"type":"if","locations":[{"start":{"line":41,"column":2},"end":{"line":41,"column":null}},{"start":{},"end":{}}],"line":41},"4":{"loc":{"start":{"line":60,"column":2},"end":{"line":60,"column":null}},"type":"if","locations":[{"start":{"line":60,"column":2},"end":{"line":60,"column":null}},{"start":{},"end":{}}],"line":60},"5":{"loc":{"start":{"line":66,"column":2},"end":{"line":66,"column":null}},"type":"if","locations":[{"start":{"line":66,"column":2},"end":{"line":66,"column":null}},{"start":{},"end":{}}],"line":66},"6":{"loc":{"start":{"line":72,"column":2},"end":{"line":72,"column":null}},"type":"if","locations":[{"start":{"line":72,"column":2},"end":{"line":72,"column":null}},{"start":{},"end":{}}],"line":72},"7":{"loc":{"start":{"line":75,"column":2},"end":{"line":76,"column":null}},"type":"if","locations":[{"start":{"line":75,"column":2},"end":{"line":76,"column":null}},{"start":{},"end":{}}],"line":75},"8":{"loc":{"start":{"line":75,"column":6},"end":{"line":75,"column":63}},"type":"binary-expr","locations":[{"start":{"line":75,"column":6},"end":{"line":75,"column":31}},{"start":{"line":75,"column":31},"end":{"line":75,"column":63}}],"line":75},"9":{"loc":{"start":{"line":81,"column":2},"end":{"line":81,"column":null}},"type":"if","locations":[{"start":{"line":81,"column":2},"end":{"line":81,"column":null}},{"start":{},"end":{}}],"line":81},"10":{"loc":{"start":{"line":84,"column":2},"end":{"line":85,"column":null}},"type":"if","locations":[{"start":{"line":84,"column":2},"end":{"line":85,"column":null}},{"start":{},"end":{}}],"line":84}},"s":{"0":0,"1":0,"2":0,"3":0,"4":0,"5":0,"6":0,"7":0,"8":0,"9":0,"10":0,"11":0,"12":0,"13":0,"14":0,"15":0,"16":0,"17":0,"18":0,"19":0,"20":0,"21":0,"22":0,"23":0,"24":0,"25":0,"26":0,"27":0,"28":0,"29":0,"30":0,"31":0,"32":0,"33":0,"34":0,"35":0},"f":{"0":0,"1":0,"2":0,"3":0},"b":{"0":[0,0],"1":[0,0],"2":[0,0,0],"3":[0,0],"4":[0,0],"5":[0,0],"6":[0,0],"7":[0,0],"8":[0,0],"9":[0,0],"10":[0,0]},"meta":{"lastBranch":11,"lastFunction":4,"lastStatement":36,"seen":{"s:8:18:11:2":0,"f:14:22:14:Infinity":0,"s:18:15:18:34":1,"b:19:2:19:Infinity:undefined:undefined:undefined:undefined":0,"s:19:2:19:Infinity":2,"s:19:13:19:Infinity":3,"s:21:28:21:Infinity":4,"s:24:18:31:4":5,"b:33:2:33:Infinity:undefined:undefined:undefined:undefined":1,"s:33:2:33:Infinity":6,"s:33:16:33:Infinity":7,"s:37:4:39:60":8,"b:37:4:37:Infinity:38:4:38:Infinity:39:4:39:60":2,"f:39:23:39:29":1,"s:39:35:39:60":9,"b:41:2:41:Infinity:undefined:undefined:undefined:undefined":3,"s:41:2:41:Infinity":10,"s:41:18:41:Infinity":11,"s:43:2:51:Infinity":12,"f:46:35:46:40":2,"s:46:47:50:Infinity":13,"f:55:22:55:Infinity":3,"s:59:15:59:34":14,"b:60:2:60:Infinity:undefined:undefined:undefined:undefined":4,"s:60:2:60:Infinity":15,"s:60:13:60:Infinity":16,"s:62:28:62:Infinity":17,"s:64:24:64:40":18,"s:65:17:65:42":19,"b:66:2:66:Infinity:undefined:undefined:undefined:undefined":5,"s:66:2:66:Infinity":20,"s:66:23:66:Infinity":21,"s:68:47:68:Infinity":22,"s:71:18:71:80":23,"b:72:2:72:Infinity:undefined:undefined:undefined:undefined":6,"s:72:2:72:Infinity":24,"s:72:16:72:Infinity":25,"b:75:2:76:Infinity:undefined:undefined:undefined:undefined":7,"s:75:2:76:Infinity":26,"b:75:6:75:31:75:31:75:63":8,"s:76:4:76:Infinity":27,"s:80:21:80:83":28,"b:81:2:81:Infinity:undefined:undefined:undefined:undefined":9,"s:81:2:81:Infinity":29,"s:81:19:81:Infinity":30,"b:84:2:85:Infinity:undefined:undefined:undefined:undefined":10,"s:84:2:85:Infinity":31,"s:85:4:85:Infinity":32,"s:89:2:93:Infinity":33,"s:95:2:100:Infinity":34,"s:102:2:102:Infinity":35}}}
,"/home/markhughneri-piertwo/work/remotty/apps/web/src/app/api/sessions/[id]/access/[userId]/route.ts": {"path":"/home/markhughneri-piertwo/work/remotty/apps/web/src/app/api/sessions/[id]/access/[userId]/route.ts","statementMap":{"0":{"start":{"line":11,"column":15},"end":{"line":11,"column":34}},"1":{"start":{"line":12,"column":2},"end":{"line":12,"column":null}},"2":{"start":{"line":12,"column":13},"end":{"line":12,"column":null}},"3":{"start":{"line":14,"column":50},"end":{"line":14,"column":null}},"4":{"start":{"line":16,"column":18},"end":{"line":16,"column":80}},"5":{"start":{"line":17,"column":2},"end":{"line":17,"column":null}},"6":{"start":{"line":17,"column":16},"end":{"line":17,"column":null}},"7":{"start":{"line":20,"column":2},"end":{"line":21,"column":null}},"8":{"start":{"line":21,"column":4},"end":{"line":21,"column":null}},"9":{"start":{"line":24,"column":2},"end":{"line":26,"column":null}},"10":{"start":{"line":28,"column":2},"end":{"line":33,"column":null}},"11":{"start":{"line":35,"column":2},"end":{"line":35,"column":null}}},"fnMap":{"0":{"name":"DELETE","decl":{"start":{"line":7,"column":22},"end":{"line":7,"column":null}},"loc":{"start":{"line":10,"column":25},"end":{"line":35,"column":null}},"line":10}},"branchMap":{"0":{"loc":{"start":{"line":12,"column":2},"end":{"line":12,"column":null}},"type":"if","locations":[{"start":{"line":12,"column":2},"end":{"line":12,"column":null}},{"start":{},"end":{}}],"line":12},"1":{"loc":{"start":{"line":17,"column":2},"end":{"line":17,"column":null}},"type":"if","locations":[{"start":{"line":17,"column":2},"end":{"line":17,"column":null}},{"start":{},"end":{}}],"line":17},"2":{"loc":{"start":{"line":20,"column":2},"end":{"line":21,"column":null}},"type":"if","locations":[{"start":{"line":20,"column":2},"end":{"line":21,"column":null}},{"start":{},"end":{}}],"line":20},"3":{"loc":{"start":{"line":20,"column":6},"end":{"line":20,"column":63}},"type":"binary-expr","locations":[{"start":{"line":20,"column":6},"end":{"line":20,"column":31}},{"start":{"line":20,"column":31},"end":{"line":20,"column":63}}],"line":20}},"s":{"0":0,"1":0,"2":0,"3":0,"4":0,"5":0,"6":0,"7":0,"8":0,"9":0,"10":0,"11":0},"f":{"0":0},"b":{"0":[0,0],"1":[0,0],"2":[0,0],"3":[0,0]},"meta":{"lastBranch":4,"lastFunction":1,"lastStatement":12,"seen":{"f:7:22:7:Infinity":0,"s:11:15:11:34":0,"b:12:2:12:Infinity:undefined:undefined:undefined:undefined":0,"s:12:2:12:Infinity":1,"s:12:13:12:Infinity":2,"s:14:50:14:Infinity":3,"s:16:18:16:80":4,"b:17:2:17:Infinity:undefined:undefined:undefined:undefined":1,"s:17:2:17:Infinity":5,"s:17:16:17:Infinity":6,"b:20:2:21:Infinity:undefined:undefined:undefined:undefined":2,"s:20:2:21:Infinity":7,"b:20:6:20:31:20:31:20:63":3,"s:21:4:21:Infinity":8,"s:24:2:26:Infinity":9,"s:28:2:33:Infinity":10,"s:35:2:35:Infinity":11}}}
,"/home/markhughneri-piertwo/work/remotty/apps/web/src/app/api/sessions/[id]/cast/route.ts": {"path":"/home/markhughneri-piertwo/work/remotty/apps/web/src/app/api/sessions/[id]/cast/route.ts","statementMap":{"0":{"start":{"line":9,"column":15},"end":{"line":9,"column":34}},"1":{"start":{"line":10,"column":2},"end":{"line":10,"column":null}},"2":{"start":{"line":10,"column":13},"end":{"line":10,"column":null}},"3":{"start":{"line":12,"column":28},"end":{"line":12,"column":null}},"4":{"start":{"line":14,"column":18},"end":{"line":17,"column":4}},"5":{"start":{"line":18,"column":2},"end":{"line":18,"column":null}},"6":{"start":{"line":18,"column":16},"end":{"line":18,"column":null}},"7":{"start":{"line":19,"column":2},"end":{"line":19,"column":null}},"8":{"start":{"line":19,"column":38},"end":{"line":19,"column":null}},"9":{"start":{"line":21,"column":17},"end":{"line":24,"column":4}},"10":{"start":{"line":28,"column":18},"end":{"line":28,"column":45}},"11":{"start":{"line":29,"column":38},"end":{"line":29,"column":40}},"12":{"start":{"line":31,"column":2},"end":{"line":38,"column":null}},"13":{"start":{"line":32,"column":4},"end":{"line":38,"column":null}},"14":{"start":{"line":33,"column":12},"end":{"line":33,"column":null}},"15":{"start":{"line":34,"column":19},"end":{"line":34,"column":59}},"16":{"start":{"line":36,"column":6},"end":{"line":38,"column":null}},"17":{"start":{"line":37,"column":8},"end":{"line":38,"column":null}},"18":{"start":{"line":38,"column":10},"end":{"line":38,"column":null}},"19":{"start":{"line":45,"column":17},"end":{"line":52,"column":null}},"20":{"start":{"line":54,"column":19},"end":{"line":54,"column":52}},"21":{"start":{"line":56,"column":2},"end":{"line":61,"column":null}}},"fnMap":{"0":{"name":"GET","decl":{"start":{"line":5,"column":22},"end":{"line":5,"column":null}},"loc":{"start":{"line":8,"column":25},"end":{"line":61,"column":null}},"line":8}},"branchMap":{"0":{"loc":{"start":{"line":10,"column":2},"end":{"line":10,"column":null}},"type":"if","locations":[{"start":{"line":10,"column":2},"end":{"line":10,"column":null}},{"start":{},"end":{}}],"line":10},"1":{"loc":{"start":{"line":18,"column":2},"end":{"line":18,"column":null}},"type":"if","locations":[{"start":{"line":18,"column":2},"end":{"line":18,"column":null}},{"start":{},"end":{}}],"line":18},"2":{"loc":{"start":{"line":19,"column":2},"end":{"line":19,"column":null}},"type":"if","locations":[{"start":{"line":19,"column":2},"end":{"line":19,"column":null}},{"start":{},"end":{}}],"line":19},"3":{"loc":{"start":{"line":32,"column":4},"end":{"line":38,"column":null}},"type":"if","locations":[{"start":{"line":32,"column":4},"end":{"line":38,"column":null}},{"start":{},"end":{}}],"line":32},"4":{"loc":{"start":{"line":37,"column":8},"end":{"line":38,"column":null}},"type":"if","locations":[{"start":{"line":37,"column":8},"end":{"line":38,"column":null}},{"start":{},"end":{}}],"line":37}},"s":{"0":0,"1":0,"2":0,"3":0,"4":0,"5":0,"6":0,"7":0,"8":0,"9":0,"10":0,"11":0,"12":0,"13":0,"14":0,"15":0,"16":0,"17":0,"18":0,"19":0,"20":0,"21":0},"f":{"0":0},"b":{"0":[0,0],"1":[0,0],"2":[0,0],"3":[0,0],"4":[0,0]},"meta":{"lastBranch":5,"lastFunction":1,"lastStatement":22,"seen":{"f:5:22:5:Infinity":0,"s:9:15:9:34":0,"b:10:2:10:Infinity:undefined:undefined:undefined:undefined":0,"s:10:2:10:Infinity":1,"s:10:13:10:Infinity":2,"s:12:28:12:Infinity":3,"s:14:18:17:4":4,"b:18:2:18:Infinity:undefined:undefined:undefined:undefined":1,"s:18:2:18:Infinity":5,"s:18:16:18:Infinity":6,"b:19:2:19:Infinity:undefined:undefined:undefined:undefined":2,"s:19:2:19:Infinity":7,"s:19:38:19:Infinity":8,"s:21:17:24:4":9,"s:28:18:28:45":10,"s:29:38:29:40":11,"s:31:2:38:Infinity":12,"b:32:4:38:Infinity:undefined:undefined:undefined:undefined":3,"s:32:4:38:Infinity":13,"s:33:12:33:Infinity":14,"s:34:19:34:59":15,"s:36:6:38:Infinity":16,"b:37:8:38:Infinity:undefined:undefined:undefined:undefined":4,"s:37:8:38:Infinity":17,"s:38:10:38:Infinity":18,"s:45:17:52:Infinity":19,"s:54:19:54:52":20,"s:56:2:61:Infinity":21}}}
,"/home/markhughneri-piertwo/work/remotty/apps/web/src/app/api/sessions/[id]/events/route.ts": {"path":"/home/markhughneri-piertwo/work/remotty/apps/web/src/app/api/sessions/[id]/events/route.ts","statementMap":{"0":{"start":{"line":9,"column":15},"end":{"line":9,"column":34}},"1":{"start":{"line":10,"column":2},"end":{"line":10,"column":null}},"2":{"start":{"line":10,"column":13},"end":{"line":10,"column":null}},"3":{"start":{"line":12,"column":28},"end":{"line":12,"column":null}},"4":{"start":{"line":14,"column":18},"end":{"line":14,"column":80}},"5":{"start":{"line":15,"column":2},"end":{"line":15,"column":null}},"6":{"start":{"line":15,"column":16},"end":{"line":15,"column":null}},"7":{"start":{"line":16,"column":2},"end":{"line":16,"column":null}},"8":{"start":{"line":16,"column":38},"end":{"line":16,"column":null}},"9":{"start":{"line":18,"column":17},"end":{"line":22,"column":4}},"10":{"start":{"line":25,"column":2},"end":{"line":30,"column":null}},"11":{"start":{"line":26,"column":23},"end":{"line":29,"column":7}}},"fnMap":{"0":{"name":"GET","decl":{"start":{"line":5,"column":22},"end":{"line":5,"column":null}},"loc":{"start":{"line":8,"column":25},"end":{"line":30,"column":null}},"line":8},"1":{"name":"(anonymous_1)","decl":{"start":{"line":26,"column":11},"end":{"line":26,"column":16}},"loc":{"start":{"line":26,"column":23},"end":{"line":29,"column":7}},"line":26}},"branchMap":{"0":{"loc":{"start":{"line":10,"column":2},"end":{"line":10,"column":null}},"type":"if","locations":[{"start":{"line":10,"column":2},"end":{"line":10,"column":null}},{"start":{},"end":{}}],"line":10},"1":{"loc":{"start":{"line":15,"column":2},"end":{"line":15,"column":null}},"type":"if","locations":[{"start":{"line":15,"column":2},"end":{"line":15,"column":null}},{"start":{},"end":{}}],"line":15},"2":{"loc":{"start":{"line":16,"column":2},"end":{"line":16,"column":null}},"type":"if","locations":[{"start":{"line":16,"column":2},"end":{"line":16,"column":null}},{"start":{},"end":{}}],"line":16}},"s":{"0":0,"1":0,"2":0,"3":0,"4":0,"5":0,"6":0,"7":0,"8":0,"9":0,"10":0,"11":0},"f":{"0":0,"1":0},"b":{"0":[0,0],"1":[0,0],"2":[0,0]},"meta":{"lastBranch":3,"lastFunction":2,"lastStatement":12,"seen":{"f:5:22:5:Infinity":0,"s:9:15:9:34":0,"b:10:2:10:Infinity:undefined:undefined:undefined:undefined":0,"s:10:2:10:Infinity":1,"s:10:13:10:Infinity":2,"s:12:28:12:Infinity":3,"s:14:18:14:80":4,"b:15:2:15:Infinity:undefined:undefined:undefined:undefined":1,"s:15:2:15:Infinity":5,"s:15:16:15:Infinity":6,"b:16:2:16:Infinity:undefined:undefined:undefined:undefined":2,"s:16:2:16:Infinity":7,"s:16:38:16:Infinity":8,"s:18:17:22:4":9,"s:25:2:30:Infinity":10,"f:26:11:26:16":1,"s:26:23:29:7":11}}}
,"/home/markhughneri-piertwo/work/remotty/apps/web/src/app/api/sessions/[id]/kill/route.ts": {"path":"/home/markhughneri-piertwo/work/remotty/apps/web/src/app/api/sessions/[id]/kill/route.ts","statementMap":{"0":{"start":{"line":12,"column":22},"end":{"line":12,"column":41}},"1":{"start":{"line":13,"column":2},"end":{"line":13,"column":null}},"2":{"start":{"line":13,"column":20},"end":{"line":13,"column":null}},"3":{"start":{"line":15,"column":28},"end":{"line":15,"column":null}},"4":{"start":{"line":17,"column":18},"end":{"line":17,"column":80}},"5":{"start":{"line":18,"column":2},"end":{"line":18,"column":null}},"6":{"start":{"line":18,"column":16},"end":{"line":18,"column":null}},"7":{"start":{"line":21,"column":2},"end":{"line":22,"column":null}},"8":{"start":{"line":22,"column":4},"end":{"line":22,"column":null}},"9":{"start":{"line":25,"column":19},"end":{"line":25,"column":53}},"10":{"start":{"line":26,"column":2},"end":{"line":27,"column":null}},"11":{"start":{"line":27,"column":4},"end":{"line":27,"column":null}},"12":{"start":{"line":30,"column":2},"end":{"line":33,"column":null}},"13":{"start":{"line":35,"column":2},"end":{"line":40,"column":null}},"14":{"start":{"line":42,"column":2},"end":{"line":42,"column":null}}},"fnMap":{"0":{"name":"POST","decl":{"start":{"line":8,"column":22},"end":{"line":8,"column":null}},"loc":{"start":{"line":11,"column":25},"end":{"line":42,"column":null}},"line":11}},"branchMap":{"0":{"loc":{"start":{"line":13,"column":2},"end":{"line":13,"column":null}},"type":"if","locations":[{"start":{"line":13,"column":2},"end":{"line":13,"column":null}},{"start":{},"end":{}}],"line":13},"1":{"loc":{"start":{"line":18,"column":2},"end":{"line":18,"column":null}},"type":"if","locations":[{"start":{"line":18,"column":2},"end":{"line":18,"column":null}},{"start":{},"end":{}}],"line":18},"2":{"loc":{"start":{"line":21,"column":2},"end":{"line":22,"column":null}},"type":"if","locations":[{"start":{"line":21,"column":2},"end":{"line":22,"column":null}},{"start":{},"end":{}}],"line":21},"3":{"loc":{"start":{"line":21,"column":6},"end":{"line":21,"column":77}},"type":"binary-expr","locations":[{"start":{"line":21,"column":6},"end":{"line":21,"column":38}},{"start":{"line":21,"column":38},"end":{"line":21,"column":77}}],"line":21},"4":{"loc":{"start":{"line":26,"column":2},"end":{"line":27,"column":null}},"type":"if","locations":[{"start":{"line":26,"column":2},"end":{"line":27,"column":null}},{"start":{},"end":{}}],"line":26}},"s":{"0":0,"1":0,"2":0,"3":0,"4":0,"5":0,"6":0,"7":0,"8":0,"9":0,"10":0,"11":0,"12":0,"13":0,"14":0},"f":{"0":0},"b":{"0":[0,0],"1":[0,0],"2":[0,0],"3":[0,0],"4":[0,0]},"meta":{"lastBranch":5,"lastFunction":1,"lastStatement":15,"seen":{"f:8:22:8:Infinity":0,"s:12:22:12:41":0,"b:13:2:13:Infinity:undefined:undefined:undefined:undefined":0,"s:13:2:13:Infinity":1,"s:13:20:13:Infinity":2,"s:15:28:15:Infinity":3,"s:17:18:17:80":4,"b:18:2:18:Infinity:undefined:undefined:undefined:undefined":1,"s:18:2:18:Infinity":5,"s:18:16:18:Infinity":6,"b:21:2:22:Infinity:undefined:undefined:undefined:undefined":2,"s:21:2:22:Infinity":7,"b:21:6:21:38:21:38:21:77":3,"s:22:4:22:Infinity":8,"s:25:19:25:53":9,"b:26:2:27:Infinity:undefined:undefined:undefined:undefined":4,"s:26:2:27:Infinity":10,"s:27:4:27:Infinity":11,"s:30:2:33:Infinity":12,"s:35:2:40:Infinity":13,"s:42:2:42:Infinity":14}}}
,"/home/markhughneri-piertwo/work/remotty/apps/web/src/app/api/sessions/[id]/restart/route.ts": {"path":"/home/markhughneri-piertwo/work/remotty/apps/web/src/app/api/sessions/[id]/restart/route.ts","statementMap":{"0":{"start":{"line":11,"column":22},"end":{"line":11,"column":41}},"1":{"start":{"line":12,"column":2},"end":{"line":12,"column":null}},"2":{"start":{"line":12,"column":20},"end":{"line":12,"column":null}},"3":{"start":{"line":14,"column":28},"end":{"line":14,"column":null}},"4":{"start":{"line":16,"column":18},"end":{"line":19,"column":4}},"5":{"start":{"line":20,"column":2},"end":{"line":20,"column":null}},"6":{"start":{"line":20,"column":16},"end":{"line":20,"column":null}},"7":{"start":{"line":23,"column":2},"end":{"line":24,"column":null}},"8":{"start":{"line":24,"column":4},"end":{"line":24,"column":null}},"9":{"start":{"line":26,"column":2},"end":{"line":26,"column":null}},"10":{"start":{"line":26,"column":36},"end":{"line":26,"column":null}},"11":{"start":{"line":27,"column":2},"end":{"line":27,"column":null}},"12":{"start":{"line":27,"column":28},"end":{"line":27,"column":null}},"13":{"start":{"line":29,"column":21},"end":{"line":36,"column":4}},"14":{"start":{"line":38,"column":8},"end":{"line":47,"column":4}},"15":{"start":{"line":49,"column":2},"end":{"line":51,"column":null}},"16":{"start":{"line":50,"column":4},"end":{"line":50,"column":null}},"17":{"start":{"line":51,"column":4},"end":{"line":51,"column":null}},"18":{"start":{"line":54,"column":2},"end":{"line":54,"column":null}},"19":{"start":{"line":56,"column":2},"end":{"line":61,"column":null}},"20":{"start":{"line":63,"column":2},"end":{"line":63,"column":null}}},"fnMap":{"0":{"name":"POST","decl":{"start":{"line":7,"column":22},"end":{"line":7,"column":null}},"loc":{"start":{"line":10,"column":25},"end":{"line":63,"column":null}},"line":10}},"branchMap":{"0":{"loc":{"start":{"line":12,"column":2},"end":{"line":12,"column":null}},"type":"if","locations":[{"start":{"line":12,"column":2},"end":{"line":12,"column":null}},{"start":{},"end":{}}],"line":12},"1":{"loc":{"start":{"line":20,"column":2},"end":{"line":20,"column":null}},"type":"if","locations":[{"start":{"line":20,"column":2},"end":{"line":20,"column":null}},{"start":{},"end":{}}],"line":20},"2":{"loc":{"start":{"line":23,"column":2},"end":{"line":24,"column":null}},"type":"if","locations":[{"start":{"line":23,"column":2},"end":{"line":24,"column":null}},{"start":{},"end":{}}],"line":23},"3":{"loc":{"start":{"line":23,"column":6},"end":{"line":23,"column":77}},"type":"binary-expr","locations":[{"start":{"line":23,"column":6},"end":{"line":23,"column":38}},{"start":{"line":23,"column":38},"end":{"line":23,"column":77}}],"line":23},"4":{"loc":{"start":{"line":26,"column":2},"end":{"line":26,"column":null}},"type":"if","locations":[{"start":{"line":26,"column":2},"end":{"line":26,"column":null}},{"start":{},"end":{}}],"line":26},"5":{"loc":{"start":{"line":27,"column":2},"end":{"line":27,"column":null}},"type":"if","locations":[{"start":{"line":27,"column":2},"end":{"line":27,"column":null}},{"start":{},"end":{}}],"line":27},"6":{"loc":{"start":{"line":33,"column":14},"end":{"line":33,"column":null}},"type":"binary-expr","locations":[{"start":{"line":33,"column":14},"end":{"line":33,"column":36}},{"start":{"line":33,"column":36},"end":{"line":33,"column":null}}],"line":33},"7":{"loc":{"start":{"line":44,"column":9},"end":{"line":44,"column":null}},"type":"binary-expr","locations":[{"start":{"line":44,"column":9},"end":{"line":44,"column":32}},{"start":{"line":44,"column":32},"end":{"line":44,"column":null}}],"line":44},"8":{"loc":{"start":{"line":49,"column":2},"end":{"line":51,"column":null}},"type":"if","locations":[{"start":{"line":49,"column":2},"end":{"line":51,"column":null}},{"start":{},"end":{}}],"line":49}},"s":{"0":0,"1":0,"2":0,"3":0,"4":0,"5":0,"6":0,"7":0,"8":0,"9":0,"10":0,"11":0,"12":0,"13":0,"14":0,"15":0,"16":0,"17":0,"18":0,"19":0,"20":0},"f":{"0":0},"b":{"0":[0,0],"1":[0,0],"2":[0,0],"3":[0,0],"4":[0,0],"5":[0,0],"6":[0,0],"7":[0,0],"8":[0,0]},"meta":{"lastBranch":9,"lastFunction":1,"lastStatement":21,"seen":{"f:7:22:7:Infinity":0,"s:11:22:11:41":0,"b:12:2:12:Infinity:undefined:undefined:undefined:undefined":0,"s:12:2:12:Infinity":1,"s:12:20:12:Infinity":2,"s:14:28:14:Infinity":3,"s:16:18:19:4":4,"b:20:2:20:Infinity:undefined:undefined:undefined:undefined":1,"s:20:2:20:Infinity":5,"s:20:16:20:Infinity":6,"b:23:2:24:Infinity:undefined:undefined:undefined:undefined":2,"s:23:2:24:Infinity":7,"b:23:6:23:38:23:38:23:77":3,"s:24:4:24:Infinity":8,"b:26:2:26:Infinity:undefined:undefined:undefined:undefined":4,"s:26:2:26:Infinity":9,"s:26:36:26:Infinity":10,"b:27:2:27:Infinity:undefined:undefined:undefined:undefined":5,"s:27:2:27:Infinity":11,"s:27:28:27:Infinity":12,"s:29:21:36:4":13,"b:33:14:33:36:33:36:33:Infinity":6,"s:38:8:47:4":14,"b:44:9:44:32:44:32:44:Infinity":7,"b:49:2:51:Infinity:undefined:undefined:undefined:undefined":8,"s:49:2:51:Infinity":15,"s:50:4:50:Infinity":16,"s:51:4:51:Infinity":17,"s:54:2:54:Infinity":18,"s:56:2:61:Infinity":19,"s:63:2:63:Infinity":20}}}
,"/home/markhughneri-piertwo/work/remotty/apps/web/src/app/api/sessions/[id]/search/route.ts": {"path":"/home/markhughneri-piertwo/work/remotty/apps/web/src/app/api/sessions/[id]/search/route.ts","statementMap":{"0":{"start":{"line":9,"column":15},"end":{"line":9,"column":34}},"1":{"start":{"line":10,"column":2},"end":{"line":10,"column":null}},"2":{"start":{"line":10,"column":13},"end":{"line":10,"column":null}},"3":{"start":{"line":12,"column":28},"end":{"line":12,"column":null}},"4":{"start":{"line":13,"column":27},"end":{"line":13,"column":43}},"5":{"start":{"line":14,"column":16},"end":{"line":14,"column":null}},"6":{"start":{"line":16,"column":18},"end":{"line":16,"column":80}},"7":{"start":{"line":17,"column":2},"end":{"line":17,"column":null}},"8":{"start":{"line":17,"column":16},"end":{"line":17,"column":null}},"9":{"start":{"line":18,"column":2},"end":{"line":18,"column":null}},"10":{"start":{"line":18,"column":38},"end":{"line":18,"column":null}},"11":{"start":{"line":20,"column":2},"end":{"line":21,"column":null}},"12":{"start":{"line":21,"column":4},"end":{"line":21,"column":null}},"13":{"start":{"line":25,"column":17},"end":{"line":28,"column":4}},"14":{"start":{"line":30,"column":68},"end":{"line":30,"column":70}},"15":{"start":{"line":31,"column":21},"end":{"line":31,"column":40}},"16":{"start":{"line":33,"column":2},"end":{"line":42,"column":null}},"17":{"start":{"line":34,"column":4},"end":{"line":42,"column":null}},"18":{"start":{"line":35,"column":19},"end":{"line":35,"column":59}},"19":{"start":{"line":36,"column":18},"end":{"line":36,"column":56}},"20":{"start":{"line":37,"column":6},"end":{"line":42,"column":null}},"21":{"start":{"line":39,"column":22},"end":{"line":39,"column":43}},"22":{"start":{"line":40,"column":20},"end":{"line":40,"column":66}},"23":{"start":{"line":41,"column":14},"end":{"line":41,"column":null}},"24":{"start":{"line":42,"column":8},"end":{"line":42,"column":null}},"25":{"start":{"line":47,"column":2},"end":{"line":47,"column":null}}},"fnMap":{"0":{"name":"GET","decl":{"start":{"line":5,"column":22},"end":{"line":5,"column":null}},"loc":{"start":{"line":8,"column":25},"end":{"line":47,"column":null}},"line":8}},"branchMap":{"0":{"loc":{"start":{"line":10,"column":2},"end":{"line":10,"column":null}},"type":"if","locations":[{"start":{"line":10,"column":2},"end":{"line":10,"column":null}},{"start":{},"end":{}}],"line":10},"1":{"loc":{"start":{"line":14,"column":16},"end":{"line":14,"column":null}},"type":"binary-expr","locations":[{"start":{"line":14,"column":16},"end":{"line":14,"column":37}},{"start":{"line":14,"column":41},"end":{"line":14,"column":null}}],"line":14},"2":{"loc":{"start":{"line":17,"column":2},"end":{"line":17,"column":null}},"type":"if","locations":[{"start":{"line":17,"column":2},"end":{"line":17,"column":null}},{"start":{},"end":{}}],"line":17},"3":{"loc":{"start":{"line":18,"column":2},"end":{"line":18,"column":null}},"type":"if","locations":[{"start":{"line":18,"column":2},"end":{"line":18,"column":null}},{"start":{},"end":{}}],"line":18},"4":{"loc":{"start":{"line":20,"column":2},"end":{"line":21,"column":null}},"type":"if","locations":[{"start":{"line":20,"column":2},"end":{"line":21,"column":null}},{"start":{},"end":{}}],"line":20},"5":{"loc":{"start":{"line":34,"column":4},"end":{"line":42,"column":null}},"type":"if","locations":[{"start":{"line":34,"column":4},"end":{"line":42,"column":null}},{"start":{},"end":{}}],"line":34},"6":{"loc":{"start":{"line":37,"column":6},"end":{"line":42,"column":null}},"type":"if","locations":[{"start":{"line":37,"column":6},"end":{"line":42,"column":null}},{"start":{},"end":{}}],"line":37},"7":{"loc":{"start":{"line":41,"column":25},"end":{"line":41,"column":49}},"type":"cond-expr","locations":[{"start":{"line":41,"column":37},"end":{"line":41,"column":43}},{"start":{"line":41,"column":43},"end":{"line":41,"column":49}}],"line":41},"8":{"loc":{"start":{"line":41,"column":75},"end":{"line":41,"column":null}},"type":"cond-expr","locations":[{"start":{"line":41,"column":95},"end":{"line":41,"column":101}},{"start":{"line":41,"column":101},"end":{"line":41,"column":null}}],"line":41}},"s":{"0":0,"1":0,"2":0,"3":0,"4":0,"5":0,"6":0,"7":0,"8":0,"9":0,"10":0,"11":0,"12":0,"13":0,"14":0,"15":0,"16":0,"17":0,"18":0,"19":0,"20":0,"21":0,"22":0,"23":0,"24":0,"25":0},"f":{"0":0},"b":{"0":[0,0],"1":[0,0],"2":[0,0],"3":[0,0],"4":[0,0],"5":[0,0],"6":[0,0],"7":[0,0],"8":[0,0]},"meta":{"lastBranch":9,"lastFunction":1,"lastStatement":26,"seen":{"f:5:22:5:Infinity":0,"s:9:15:9:34":0,"b:10:2:10:Infinity:undefined:undefined:undefined:undefined":0,"s:10:2:10:Infinity":1,"s:10:13:10:Infinity":2,"s:12:28:12:Infinity":3,"s:13:27:13:43":4,"s:14:16:14:Infinity":5,"b:14:16:14:37:14:41:14:Infinity":1,"s:16:18:16:80":6,"b:17:2:17:Infinity:undefined:undefined:undefined:undefined":2,"s:17:2:17:Infinity":7,"s:17:16:17:Infinity":8,"b:18:2:18:Infinity:undefined:undefined:undefined:undefined":3,"s:18:2:18:Infinity":9,"s:18:38:18:Infinity":10,"b:20:2:21:Infinity:undefined:undefined:undefined:undefined":4,"s:20:2:21:Infinity":11,"s:21:4:21:Infinity":12,"s:25:17:28:4":13,"s:30:68:30:70":14,"s:31:21:31:40":15,"s:33:2:42:Infinity":16,"b:34:4:42:Infinity:undefined:undefined:undefined:undefined":5,"s:34:4:42:Infinity":17,"s:35:19:35:59":18,"s:36:18:36:56":19,"b:37:6:42:Infinity:undefined:undefined:undefined:undefined":6,"s:37:6:42:Infinity":20,"s:39:22:39:43":21,"s:40:20:40:66":22,"s:41:14:41:Infinity":23,"b:41:37:41:43:41:43:41:49":7,"b:41:95:41:101:41:101:41:Infinity":8,"s:42:8:42:Infinity":24,"s:47:2:47:Infinity":25}}}
,"/home/markhughneri-piertwo/work/remotty/apps/web/src/app/api/sessions/[id]/upload/route.ts": {"path":"/home/markhughneri-piertwo/work/remotty/apps/web/src/app/api/sessions/[id]/upload/route.ts","statementMap":{"0":{"start":{"line":7,"column":19},"end":{"line":11,"column":2}},"1":{"start":{"line":17,"column":15},"end":{"line":17,"column":34}},"2":{"start":{"line":18,"column":2},"end":{"line":18,"column":null}},"3":{"start":{"line":18,"column":13},"end":{"line":18,"column":null}},"4":{"start":{"line":20,"column":28},"end":{"line":20,"column":null}},"5":{"start":{"line":21,"column":18},"end":{"line":21,"column":80}},"6":{"start":{"line":22,"column":2},"end":{"line":22,"column":null}},"7":{"start":{"line":22,"column":16},"end":{"line":22,"column":null}},"8":{"start":{"line":23,"column":2},"end":{"line":23,"column":null}},"9":{"start":{"line":23,"column":38},"end":{"line":23,"column":null}},"10":{"start":{"line":25,"column":24},"end":{"line":25,"column":40}},"11":{"start":{"line":26,"column":17},"end":{"line":26,"column":43}},"12":{"start":{"line":27,"column":2},"end":{"line":27,"column":null}},"13":{"start":{"line":27,"column":23},"end":{"line":27,"column":null}},"14":{"start":{"line":29,"column":42},"end":{"line":29,"column":null}},"15":{"start":{"line":30,"column":8},"end":{"line":30,"column":54}},"16":{"start":{"line":32,"column":2},"end":{"line":37,"column":null}},"17":{"start":{"line":33,"column":26},"end":{"line":33,"column":68}},"18":{"start":{"line":34,"column":4},"end":{"line":34,"column":null}},"19":{"start":{"line":36,"column":4},"end":{"line":36,"column":null}},"20":{"start":{"line":37,"column":4},"end":{"line":37,"column":null}}},"fnMap":{"0":{"name":"POST","decl":{"start":{"line":13,"column":22},"end":{"line":13,"column":null}},"loc":{"start":{"line":16,"column":25},"end":{"line":37,"column":null}},"line":16}},"branchMap":{"0":{"loc":{"start":{"line":18,"column":2},"end":{"line":18,"column":null}},"type":"if","locations":[{"start":{"line":18,"column":2},"end":{"line":18,"column":null}},{"start":{},"end":{}}],"line":18},"1":{"loc":{"start":{"line":22,"column":2},"end":{"line":22,"column":null}},"type":"if","locations":[{"start":{"line":22,"column":2},"end":{"line":22,"column":null}},{"start":{},"end":{}}],"line":22},"2":{"loc":{"start":{"line":23,"column":2},"end":{"line":23,"column":null}},"type":"if","locations":[{"start":{"line":23,"column":2},"end":{"line":23,"column":null}},{"start":{},"end":{}}],"line":23},"3":{"loc":{"start":{"line":27,"column":2},"end":{"line":27,"column":null}},"type":"if","locations":[{"start":{"line":27,"column":2},"end":{"line":27,"column":null}},{"start":{},"end":{}}],"line":27}},"s":{"0":0,"1":0,"2":0,"3":0,"4":0,"5":0,"6":0,"7":0,"8":0,"9":0,"10":0,"11":0,"12":0,"13":0,"14":0,"15":0,"16":0,"17":0,"18":0,"19":0,"20":0},"f":{"0":0},"b":{"0":[0,0],"1":[0,0],"2":[0,0],"3":[0,0]},"meta":{"lastBranch":4,"lastFunction":1,"lastStatement":21,"seen":{"s:7:19:11:2":0,"f:13:22:13:Infinity":0,"s:17:15:17:34":1,"b:18:2:18:Infinity:undefined:undefined:undefined:undefined":0,"s:18:2:18:Infinity":2,"s:18:13:18:Infinity":3,"s:20:28:20:Infinity":4,"s:21:18:21:80":5,"b:22:2:22:Infinity:undefined:undefined:undefined:undefined":1,"s:22:2:22:Infinity":6,"s:22:16:22:Infinity":7,"b:23:2:23:Infinity:undefined:undefined:undefined:undefined":2,"s:23:2:23:Infinity":8,"s:23:38:23:Infinity":9,"s:25:24:25:40":10,"s:26:17:26:43":11,"b:27:2:27:Infinity:undefined:undefined:undefined:undefined":3,"s:27:2:27:Infinity":12,"s:27:23:27:Infinity":13,"s:29:42:29:Infinity":14,"s:30:8:30:54":15,"s:32:2:37:Infinity":16,"s:33:26:33:68":17,"s:34:4:34:Infinity":18,"s:36:4:36:Infinity":19,"s:37:4:37:Infinity":20}}}
,"/home/markhughneri-piertwo/work/remotty/apps/web/src/lib/xterm-theme.ts": {"path":"/home/markhughneri-piertwo/work/remotty/apps/web/src/lib/xterm-theme.ts","statementMap":{"0":{"start":{"line":3,"column":34},"end":{"line":25,"column":null}}},"fnMap":{},"branchMap":{},"s":{"0":0},"f":{},"b":{},"meta":{"lastBranch":0,"lastFunction":0,"lastStatement":1,"seen":{"s:3:34:25:Infinity":0}}}
,"/home/markhughneri-piertwo/work/remotty/apps/web/src/server/agent-parser.ts": {"path":"/home/markhughneri-piertwo/work/remotty/apps/web/src/server/agent-parser.ts","statementMap":{"0":{"start":{"line":64,"column":24},"end":{"line":64,"column":69}},"1":{"start":{"line":65,"column":2},"end":{"line":74,"column":null}},"2":{"start":{"line":66,"column":17},"end":{"line":66,"column":48}},"3":{"start":{"line":68,"column":4},"end":{"line":72,"column":null}},"4":{"start":{"line":70,"column":6},"end":{"line":70,"column":null}},"5":{"start":{"line":72,"column":6},"end":{"line":72,"column":null}},"6":{"start":{"line":74,"column":4},"end":{"line":74,"column":null}},"7":{"start":{"line":79,"column":21},"end":{"line":79,"column":53}},"8":{"start":{"line":80,"column":2},"end":{"line":83,"column":null}},"9":{"start":{"line":81,"column":20},"end":{"line":81,"column":null}},"10":{"start":{"line":82,"column":17},"end":{"line":82,"column":41}},"11":{"start":{"line":83,"column":4},"end":{"line":83,"column":null}},"12":{"start":{"line":90,"column":24},"end":{"line":90,"column":75}},"13":{"start":{"line":91,"column":2},"end":{"line":98,"column":null}},"14":{"start":{"line":92,"column":17},"end":{"line":92,"column":null}},"15":{"start":{"line":93,"column":22},"end":{"line":93,"column":null}},"16":{"start":{"line":94,"column":35},"end":{"line":94,"column":55}},"17":{"start":{"line":95,"column":19},"end":{"line":95,"column":50}},"18":{"start":{"line":96,"column":23},"end":{"line":96,"column":null}},"19":{"start":{"line":97,"column":25},"end":{"line":97,"column":null}},"20":{"start":{"line":98,"column":4},"end":{"line":98,"column":null}},"21":{"start":{"line":104,"column":20},"end":{"line":104,"column":58}},"22":{"start":{"line":105,"column":2},"end":{"line":108,"column":null}},"23":{"start":{"line":106,"column":19},"end":{"line":106,"column":null}},"24":{"start":{"line":107,"column":19},"end":{"line":107,"column":42}},"25":{"start":{"line":108,"column":4},"end":{"line":108,"column":null}},"26":{"start":{"line":108,"column":16},"end":{"line":108,"column":null}},"27":{"start":{"line":113,"column":21},"end":{"line":113,"column":59}},"28":{"start":{"line":114,"column":2},"end":{"line":116,"column":null}},"29":{"start":{"line":115,"column":19},"end":{"line":115,"column":50}},"30":{"start":{"line":116,"column":4},"end":{"line":116,"column":null}},"31":{"start":{"line":116,"column":16},"end":{"line":116,"column":null}},"32":{"start":{"line":121,"column":23},"end":{"line":121,"column":69}},"33":{"start":{"line":122,"column":2},"end":{"line":124,"column":null}},"34":{"start":{"line":123,"column":21},"end":{"line":123,"column":51}},"35":{"start":{"line":124,"column":4},"end":{"line":124,"column":null}},"36":{"start":{"line":127,"column":2},"end":{"line":127,"column":null}},"37":{"start":{"line":131,"column":16},"end":{"line":131,"column":37}},"38":{"start":{"line":132,"column":2},"end":{"line":132,"column":null}},"39":{"start":{"line":132,"column":69},"end":{"line":132,"column":null}},"40":{"start":{"line":133,"column":2},"end":{"line":133,"column":null}},"41":{"start":{"line":133,"column":84},"end":{"line":133,"column":null}},"42":{"start":{"line":134,"column":2},"end":{"line":134,"column":null}},"43":{"start":{"line":134,"column":62},"end":{"line":134,"column":null}},"44":{"start":{"line":135,"column":2},"end":{"line":135,"column":null}},"45":{"start":{"line":139,"column":16},"end":{"line":139,"column":39}},"46":{"start":{"line":140,"column":2},"end":{"line":140,"column":null}},"47":{"start":{"line":140,"column":60},"end":{"line":140,"column":null}},"48":{"start":{"line":141,"column":2},"end":{"line":141,"column":null}},"49":{"start":{"line":141,"column":57},"end":{"line":141,"column":null}},"50":{"start":{"line":142,"column":2},"end":{"line":142,"column":null}},"51":{"start":{"line":146,"column":16},"end":{"line":146,"column":37}},"52":{"start":{"line":147,"column":2},"end":{"line":147,"column":null}},"53":{"start":{"line":151,"column":16},"end":{"line":151,"column":36}},"54":{"start":{"line":152,"colum
[...]
art":{"line":113,"column":2},"end":{"line":114,"column":null}},"47":{"start":{"line":114,"column":4},"end":{"line":114,"column":null}},"48":{"start":{"line":119,"column":2},"end":{"line":215,"column":null}},"49":{"start":{"line":120,"column":45},"end":{"line":120,"column":null}},"50":{"start":{"line":122,"column":4},"end":{"line":124,"column":null}},"51":{"start":{"line":123,"column":6},"end":{"line":123,"column":null}},"52":{"start":{"line":128,"column":21},"end":{"line":132,"column":45}},"53":{"start":{"line":133,"column":6},"end":{"line":136,"column":null}},"54":{"start":{"line":134,"column":8},"end":{"line":134,"column":null}},"55":{"start":{"line":136,"column":8},"end":{"line":136,"column":null}},"56":{"start":{"line":139,"column":6},"end":{"line":198,"column":null}},"57":{"start":{"line":141,"column":10},"end":{"line":145,"column":null}},"58":{"start":{"line":142,"column":12},"end":{"line":142,"column":null}},"59":{"start":{"line":142,"column":27},"end":{"line":142,"column":65}},"60":{"start":{"line":142,"column":65},"end":{"line":142,"column":null}},"61":{"start":{"line":143,"column":12},"end":{"line":143,"column":null}},"62":{"start":{"line":144,"column":12},"end":{"line":144,"column":null}},"63":{"start":{"line":146,"column":10},"end":{"line":146,"column":null}},"64":{"start":{"line":149,"column":10},"end":{"line":149,"column":null}},"65":{"start":{"line":149,"column":38},"end":{"line":149,"column":75}},"66":{"start":{"line":149,"column":75},"end":{"line":149,"column":null}},"67":{"start":{"line":150,"column":26},"end":{"line":150,"column":110}},"68":{"start":{"line":151,"column":10},"end":{"line":152,"column":null}},"69":{"start":{"line":152,"column":12},"end":{"line":152,"column":null}},"70":{"start":{"line":152,"column":54},"end":{"line":152,"column":null}},"71":{"start":{"line":155,"column":26},"end":{"line":155,"column":57}},"72":{"start":{"line":156,"column":10},"end":{"line":156,"column":null}},"73":{"start":{"line":158,"column":10},"end":{"line":158,"column":null}},"74":{"start":{"line":159,"column":10},"end":{"line":159,"column":null}},"75":{"start":{"line":163,"column":10},"end":{"line":163,"column":null}},"76":{"start":{"line":163,"column":36},"end":{"line":163,"column":null}},"77":{"start":{"line":164,"column":26},"end":{"line":164,"column":116}},"78":{"start":{"line":165,"column":10},"end":{"line":166,"column":null}},"79":{"start":{"line":166,"column":12},"end":{"line":166,"column":null}},"80":{"start":{"line":166,"column":54},"end":{"line":166,"column":null}},"81":{"start":{"line":168,"column":10},"end":{"line":168,"column":null}},"82":{"start":{"line":169,"column":10},"end":{"line":169,"column":null}},"83":{"start":{"line":171,"column":10},"end":{"line":171,"column":null}},"84":{"start":{"line":172,"column":10},"end":{"line":172,"column":null}},"85":{"start":{"line":174,"column":10},"end":{"line":174,"column":null}},"86":{"start":{"line":177,"column":26},"end":{"line":180,"column":12}},"87":{"start":{"line":182,"column":10},"end":{"line":191,"column":null}},"88":{"start":{"line":194,"column":10},"end":{"line":196,"column":null}},"89":{"start":{"line":195,"column":30},"end":{"line":195,"column":null}},"90":{"start":{"line":196,"column":12},"end":{"line":196,"column":null}},"91":{"start":{"line":198,"column":10},"end":{"line":198,"column":null}},"92":{"start":{"line":203,"column":4},"end":{"line":214,"column":null}},"93":{"start":{"line":204,"column":6},"end":{"line":206,"column":null}},"94":{"start":{"line":205,"column":8},"end":{"line":205,"column":null}},"95":{"start":{"line":206,"column":8},"end":{"line":206,"column":null}},"96":{"start":{"line":208,"column":6},"end":{"line":212,"column":null}},"97":{"start":{"line":209,"column":8},"end":{"line":209,"column":null}},"98":{"start":{"line":210,"column":8},"end":{"line":210,"column":null}},"99":{"start":{"line":211,"column":8},"end":{"line":211,"column":null}},"100":{"start":{"line":212,"column":8},"end":{"line":212,"column":null}},"101":{"start":{"line":219,"column":15},"end":{"line":219,"column":75}},"102":{"start":{"line":220,"column":2},"end":{"line":220,"column":null}},"103":{"start":{"line":220,"column":13},"end":{"line":220,"column":null}},"104":{"start":{"line":221,"column":16},"end":{"line":221,"column":55}},"105":{"start":{"line":222,"column":2},"end":{"line":222,"column":null}},"106":{"start":{"line":222,"column":14},"end":{"line":222,"column":null}},"107":{"start":{"line":226,"column":2},"end":{"line":226,"column":null}},"108":{"start":{"line":227,"column":2},"end":{"line":227,"column":null}},"109":{"start":{"line":240,"column":19},"end":{"line":240,"column":43}},"110":{"start":{"line":241,"column":2},"end":{"line":241,"column":null}},"111":{"start":{"line":241,"column":59},"end":{"line":241,"column":null}},"112":{"start":{"line":242,"column":2},"end":{"line":242,"column":null}},"113":{"start":{"line":243,"column":2},"end":{"line":243,"column":null}},"114":{"start":{"line":244,"column":2},"end":{"line":244,"column":null}},"115":{"start":{"line":245,"column":2},"end":{"line":245,"column":null}},"116":{"start":{"line":249,"column":2},"end":{"line":249,"column":null}}},"fnMap":{"0":{"name":"flushRingBuffer","decl":{"start":{"line":34,"column":15},"end":{"line":34,"column":31}},"loc":{"start":{"line":34,"column":65},"end":{"line":90,"column":null}},"line":34},"1":{"name":"(anonymous_1)","decl":{"start":{"line":69,"column":27},"end":{"line":69,"column":32}},"loc":{"start":{"line":69,"column":39},"end":{"line":74,"column":11}},"line":69},"2":{"name":"(anonymous_2)","decl":{"start":{"line":80,"column":23},"end":{"line":80,"column":28}},"loc":{"start":{"line":80,"column":35},"end":{"line":80,"column":77}},"line":80},"3":{"name":"bufferStdout","decl":{"start":{"line":94,"column":9},"end":{"line":94,"column":22}},"loc":{"start":{"line":94,"column":62},"end":{"line":114,"column":null}},"line":94},"4":{"name":"registerHostHub","decl":{"start":{"line":118,"column":16},"end":{"line":118,"column":32}},"loc":{"start":{"line":118,"column":60},"end":{"line":215,"column":null}},"line":118},"5":{"name":"(anonymous_5)","decl":{"start":{"line":119,"column":9},"end":{"line":119,"column":24}},"loc":{"start":{"line":119,"column":42},"end":{"line":215,"column":null}},"line":119},"6":{"name":"(anonymous_6)","decl":{"start":{"line":122,"column":10},"end":{"line":122,"column":22}},"loc":{"start":{"line":122,"column":58},"end":{"line":124,"column":null}},"line":122},"7":{"name":"handleMessage","decl":{"start":{"line":126,"column":19},"end":{"line":126,"column":33}},"loc":{"start":{"line":126,"column":81},"end":{"line":198,"column":null}},"line":126},"8":{"name":"(anonymous_8)","decl":{"start":{"line":141,"column":61},"end":{"line":141,"column":67}},"loc":{"start":{"line":141,"column":78},"end":{"line":145,"column":null}},"line":141},"9":{"name":"(anonymous_9)","decl":{"start":{"line":189,"column":13},"end":{"line":189,"column":25}},"loc":{"start":{"line":189,"column":25},"end":{"line":191,"column":null}},"line":189},"10":{"name":"(anonymous_10)","decl":{"start":{"line":203,"column":10},"end":{"line":203,"column":25}},"loc":{"start":{"line":203,"column":25},"end":{"line":214,"column":null}},"line":203},"11":{"name":"(anonymous_11)","decl":{"start":{"line":206,"column":98},"end":{"line":206,"column":110}},"loc":{"start":{"line":206,"column":110},"end":{"line":206,"column":113}},"line":206},"12":{"name":"authenticateHost","decl":{"start":{"line":218,"column":15},"end":{"line":218,"column":32}},"loc":{"start":{"line":218,"column":104},"end":{"line":227,"column":null}},"line":218},"13":{"name":"spawnOnDaemon","decl":{"start":{"line":235,"column":16},"end":{"line":235,"column":null}},"loc":{"start":{"line":239,"column":20},"end":{"line":245,"column":null}},"line":239},"14":{"name":"getHostIdForSession","decl":{"start":{"line":248,"column":16},"end":{"line":248,"column":36}},"loc":{"start":{"line":248,"column":75},"end":{"line":249,"column":null}},"line":248}},"branchMap":{"0":{"loc":{"start":{"line":14,"column":0},"end":{"line":14,"column":null}},"type":"if","locations":[{"start":{"line":14,"column":0},"end":{"line":14,"column":null}},{"start":{},"end":{}}],"line":14},"1":{"loc":{"start":{"line":18,"column":0},"end":{"line":18,"column":null}},"type":"if","locations":[{"start":{"line":18,"column":0},"end":{"line":18,"column":null}},{"start":{},"end":{}}],"line":18},"2":{"loc":{"start":{"line":28,"column":0},"end":{"line":28,"column":null}},"type":"if","locations":[{"start":{"line":28,"column":0},"end":{"line":28,"column":null}},{"start":{},"end":{}}],"line":28},"3":{"loc":{"start":{"line":36,"column":2},"end":{"line":36,"column":null}},"type":"if","locations":[{"start":{"line":36,"column":2},"end":{"line":36,"column":null}},{"start":{},"end":{}}],"line":36},"4":{"loc":{"start":{"line":36,"column":6},"end":{"line":36,"column":43}},"type":"binary-expr","locations":[{"start":{"line":36,"column":6},"end":{"line":36,"column":16}},{"start":{"line":36,"column":16},"end":{"line":36,"column":43}}],"line":36},"5":{"loc":{"start":{"line":62,"column":6},"end":{"line":63,"column":null}},"type":"if","locations":[{"start":{"line":62,"column":6},"end":{"line":63,"column":null}},{"start":{},"end":{}}],"line":62},"6":{"loc":{"start":{"line":67,"column":4},"end":{"line":86,"column":null}},"type":"if","locations":[{"start":{"line":67,"column":4},"end":{"line":86,"column":null}},{"start":{},"end":{}}],"line":67},"7":{"loc":{"start":{"line":78,"column":6},"end":{"line":86,"column":null}},"type":"if","locations":[{"start":{"line":78,"column":6},"end":{"line":86,"column":null}},{"start":{},"end":{}}],"line":78},"8":{"loc":{"start":{"line":97,"column":2},"end":{"line":99,"column":null}},"type":"if","locations":[{"start":{"line":97,"column":2},"end":{"line":99,"column":null}},{"start":{},"end":{}}],"line":97},"9":{"loc":{"start":{"line":105,"column":2},"end":{"line":107,"column":null}},"type":"if","locations":[{"start":{"line":105,"column":2},"end":{"line":107,"column":null}},{"start":{},"end":{}}],"line":105},"10":{"loc":{"start":{"line":113,"column":2},"end":{"line":114,"column":null}},"type":"if","locations":[{"start":{"line":113,"column":2},"end":{"line":114,"column":null}},{"start":{},"end":{}}],"line":113},"11":{"loc":{"start":{"line":128,"column":21},"end":{"line":132,"column":45}},"type":"cond-expr","locations":[{"start":{"line":129,"column":10},"end":{"line":129,"column":30}},{"start":{"line":130,"column":10},"end":{"line":132,"column":45}}],"line":128},"12":{"loc":{"start":{"line":130,"column":10},"end":{"line":132,"column":45}},"type":"cond-expr","locations":[{"start":{"line":131,"column":12},"end":{"line":131,"column":47}},{"start":{"line":132,"column":12},"end":{"line":132,"column":45}}],"line":130},"13":{"loc":{"start":{"line":139,"column":6},"end":{"line":198,"column":null}},"type":"switch","locations":[{"start":{"line":140,"column":8},"end":{"line":146,"column":null}},{"start":{"line":148,"column":8},"end":{"line":159,"column":null}},{"start":{"line":162,"column":8},"end":{"line":198,"column":null}}],"line":139},"14":{"loc":{"start":{"line":142,"column":12},"end":{"line":142,"column":null}},"type":"if","locations":[{"start":{"line":142,"column":12},"end":{"line":142,"column":null}},{"start":{},"end":{}}],"line":142},"15":{"loc":{"start":{"line":149,"column":10},"end":{"line":149,"column":null}},"type":"if","locations":[{"start":{"line":149,"column":10},"end":{"line":149,"column":null}},{"start":{},"end":{}}],"line":149},"16":{"loc":{"start":{"line":152,"column":12},"end":{"line":152,"column":null}},"type":"if","locations":[{"start":{"line":152,"column":12},"end":{"line":152,"column":null}},{"start":{},"end":{}}],"line":152},"17":{"loc":{"start":{"line":163,"column":10},"end":{"line":163,"column":null}},"type":"if","locations":[{"start":{"line":163,"column":10},"end":{"line":163,"column":null}},{"start":{},"end":{}}],"line":163},"18":{"loc":{"start":{"line":166,"column":12},"end":{"line":166,"column":null}},"type":"if","locations":[{"start":{"line":166,"column":12},"end":{"line":166,"column":null}},{"start":{},"end":{}}],"line":166},"19":{"loc":{"start":{"line":185,"column":22},"end":{"line":185,"column":null}},"type":"cond-expr","locations":[{"start":{"line":185,"column":43},"end":{"line":185,"column":54}},{"start":{"line":185,"column":54},"end":{"line":185,"column":null}}],"line":185},"20":{"loc":{"start":{"line":194,"column":10},"end":{"line":196,"column":null}},"type":"if","locations":[{"start":{"line":194,"column":10},"end":{"line":196,"column":null}},{"start":{},"end":{}}],"line":194},"21":{"loc":{"start":{"line":195,"column":30},"end":{"line":195,"column":null}},"type":"cond-expr","locations":[{"start":{"line":195,"column":51},"end":{"line":195,"column":68}},{"start":{"line":195,"column":68},"end":{"line":195,"column":null}}],"line":195},"22":{"loc":{"start":{"line":204,"column":6},"end":{"line":206,"column":null}},"type":"if","locations":[{"start":{"line":204,"column":6},"end":{"line":206,"column":null}},{"start":{},"end":{}}],"line":204},"23":{"loc":{"start":{"line":220,"column":2},"end":{"line":220,"column":null}},"type":"if","locations":[{"start":{"line":220,"column":2},"end":{"line":220,"column":null}},{"start":{},"end":{}}],"line":220},"24":{"loc":{"start":{"line":222,"column":2},"end":{"line":222,"column":null}},"type":"if","locations":[{"start":{"line":222,"column":2},"end":{"line":222,"column":null}},{"start":{},"end":{}}],"line":222},"25":{"loc":{"start":{"line":241,"column":2},"end":{"line":241,"column":null}},"type":"if","locations":[{"start":{"line":241,"column":2},"end":{"line":241,"column":null}},{"start":{},"end":{}}],"line":241},"26":{"loc":{"start":{"line":241,"column":6},"end":{"line":241,"column":59}},"type":"binary-expr","locations":[{"start":{"line":241,"column":6},"end":{"line":241,"column":19}},{"start":{"line":241,"column":19},"end":{"line":241,"column":59}}],"line":241}},"s":{"0":0,"1":0,"2":0,"3":0,"4":0,"5":0,"6":0,"7":0,"8":0,"9":0,"10":0,"11":0,"12":0,"13":0,"14":0,"15":0,"16":0,"17":0,"18":0,"19":0,"20":0,"21":0,"22":0,"23":0,"24":0,"25":0,"26":0,"27":0,"28":0,"29":0,"30":0,"31":0,"32":0,"33":0,"34":0,"35":0,"36":0,"37":0,"38":0,"39":0,"40":0,"41":0,"42":0,"43":0,"44":0,"45":0,"46":0,"47":0,"48":0,"49":0,"50":0,"51":0,"52":0,"53":0,"54":0,"55":0,"56":0,"57":0,"58":0,"59":0,"60":0,"61":0,"62":0,"63":0,"64":0,"65":0,"66":0,"67":0,"68":0,"69":0,"70":0,"71":0,"72":0,"73":0,"74":0,"75":0,"76":0,"77":0,"78":0,"79":0,"80":0,"81":0,"82":0,"83":0,"84":0,"85":0,"86":0,"87":0,"88":0,"89":0,"90":0,"91":0,"92":0,"93":0,"94":0,"95":0,"96":0,"97":0,"98":0,"99":0,"100":0,"101":0,"102":0,"103":0,"104":0,"105":0,"106":0,"107":0,"108":0,"109":0,"110":0,"111":0,"112":0,"113":0,"114":0,"115":0,"116":0},"f":{"0":0,"1":0,"2":0,"3":0,"4":0,"5":0,"6":0,"7":0,"8":0,"9":0,"10":0,"11":0,"12":0,"13":0,"14":0},"b":{"0":[0,0],"1":[0,0],"2":[0,0],"3":[0,0],"4":[0,0],"5":[0,0],"6":[0,0],"7":[0,0],"8":[0,0],"9":[0,0],"10":[0,0],"11":[0,0],"12":[0,0],"13":[0,0,0],"14":[0,0],"15":[0,0],"16":[0,0],"17":[0,0],"18":[0,0],"19":[0,0],"20":[0,0],"21":[0,0],"22":[0,0],"23":[0,0],"24":[0,0],"25":[0,0],"26":[0,0]},"meta":{"lastBranch":27,"lastFunction":15,"lastStatement":117,"seen":{"b:14:0:14:Infinity:undefined:undefined:undefined:undefined":0,"s:14:0:14:Infinity":0,"s:14:30:14:Infinity":1,"s:15:21:15:Infinity":2,"b:18:0:18:Infinity:undefined:undefined:undefined:undefined":1,"s:18:0:18:Infinity":3,"s:18:32:18:Infinity":4,"s:19:23:19:Infinity":5,"b:28:0:28:Infinity:undefined:undefined:undefined:undefined":2,"s:28:0:28:Infinity":6,"s:28:35:28:Infinity":7,"s:29:19:29:Infinity":8,"s:31:30:31:Infinity":9,"s:32:38:32:Infinity":10,"f:34:15:34:31":0,"s:35:16:35:41":11,"b:36:2:36:Infinity:undefined:undefined:undefined:undefined":3,"s:36:2:36:Infinity":12,"b:36:6:36:16:36:16:36:43":4,"s:36:43:36:Infinity":13,"s:38:15:38:42":14,"s:39:2:39:Infinity":15,"s:40:2:40:Infinity":16,"s:41:2:41:Infinity":17,"s:43:2:90:Infinity":18,"s:44:10:44:36":19,"s:47:4:53:Infinity":20,"s:56:17:56:38":21,"s:57:18:57:34":22,"s:58:40:58:42":23,"s:60:4:63:Infinity":24,"s:61:12:61:58":25,"b:62:6:63:Infinity:undefined:undefined:undefined:undefined":5,"s:62:6:63:Infinity":26,"s:63:8:63:Infinity":27,"b:67:4:86:Infinity:undefined:undefined:undefined:undefined":6,"s:67:4:86:Infinity":28,"s:68:6:75:Infinity":29,"f:69:27:69:32":1,"s:69:39:74:11":30,"b:78:6:86:Infinity:undefined:undefined:undefined:undefined":7,"s:78:6:86:Infinity":31,"s:79:14:80:Infinity":32,"f:80:23:80:28":2,"s:80:35:80:77":33,"s:82:8:86:Infinity":34,"s:90:4:90:Infinity":35,"f:94:9:94:22":3,"s:95:14:95:24":36,"s:96:14:96:39":37,"b:97:2:99:Infinity:undefined:undefined:undefined:undefined":8,"s:97:2:99:Infinity":38,"s:98:4:98:Infinity":39,"s:99:4:99:Infinity":40,"s:101:2:101:Infinity":41,"s:102:2:102:Infinity":42,"b:105:2:107:Infinity:undefined:undefined:undefined:undefined":9,"s:105:2:107:Infinity":43,"s:106:4:106:Infinity":44,"s:107:4:107:Infinity":45,"b:113:2:114:Infinity:undefined:undefined:undefined:undefined":10,"s:113:2:114:Infinity":46,"s:114:4:114:Infinity":47,"f:118:16:118:32":4,"s:119:2:215:Infinity":48,"f:119:9:119:24":5,"s:120:45:120:Infinity":49,"s:122:4:124:Infinity":50,"f:122:10:122:22":6,"s:123:6:123:Infinity":51,"f:126:19:126:33":7,"s:128:21:132:45":52,"b:129:10:129:30:130:10:132:45":11,"b:131:12:131:47:132:12:132:45":12,"s:133:6:136:Infinity":53,"s:134:8:134:Infinity":54,"s:136:8:136:Infinity":55,"b:140:8:146:Infinity:148:8:159:Infinity:162:8:198:Infinity":13,"s:139:6:198:Infinity":56,"s:141:10:145:Infinity":57,"f:141:61:141:67":8,"b:142:12:142:Infinity:undefined:undefined:undefined:undefined":14,"s:142:12:142:Infinity":58,"s:142:27:142:65":59,"s:142:65:142:Infinity":60,"s:143:12:143:Infinity":61,"s:144:12:144:Infinity":62,"s:146:10:146:Infinity":63,"b:149:10:149:Infinity:undefined:undefined:undefined:undefined":15,"s:149:10:149:Infinity":64,"s:149:38:149:75":65,"s:149:75:149:Infinity":66,"s:150:26:150:110":67,"s:151:10:152:Infinity":68,"b:152:12:152:Infinity:undefined:undefined:undefined:undefined":16,"s:152:12:152:Infinity":69,"s:152:54:152:Infinity":70,"s:155:26:155:57":71,"s:156:10:156:Infinity":72,"s:158:10:158:Infinity":73,"s:159:10:159:Infinity":74,"b:163:10:163:Infinity:undefined:undefined:undefined:undefined":17,"s:163:10:163:Infinity":75,"s:163:36:163:Infinity":76,"s:164:26:164:116":77,"s:165:10:166:Infinity":78,"b:166:12:166:Infinity:undefined:undefined:undefined:undefined":18,"s:166:12:166:Infinity":79,"s:166:54:166:Infinity":80,"s:168:10:168:Infinity":81,"s:169:10:169:Infinity":82,"s:171:10:171:Infinity":83,"s:172:10:172:Infinity":84,"s:174:10:174:Infinity":85,"s:177:26:180:12":86,"s:182:10:191:Infinity":87,"b:185:43:185:54:185:54:185:Infinity":19,"f:189:13:189:25":9,"b:194:10:196:Infinity:undefined:undefined:undefined:undefined":20,"s:194:10:196:Infinity":88,"s:195:30:195:Infinity":89,"b:195:51:195:68:195:68:195:Infinity":21,"s:196:12:196:Infinity":90,"s:198:10:198:Infinity":91,"s:203:4:214:Infinity":92,"f:203:10:203:25":10,"b:204:6:206:Infinity:undefined:undefined:undefined:undefined":22,"s:204:6:206:Infinity":93,"s:205:8:205:Infinity":94,"s:206:8:206:Infinity":95,"f:206:98:206:110":11,"s:208:6:212:Infinity":96,"s:209:8:209:Infinity":97,"s:210:8:210:Infinity":98,"s:211:8:211:Infinity":99,"s:212:8:212:Infinity":100,"f:218:15:218:32":12,"s:219:15:219:75":101,"b:220:2:220:Infinity:undefined:undefined:undefined:undefined":23,"s:220:2:220:Infinity":102,"s:220:13:220:Infinity":103,"s:221:16:221:55":104,"b:222:2:222:Infinity:undefined:undefined:undefined:undefined":24,"s:222:2:222:Infinity":105,"s:222:14:222:Infinity":106,"s:226:2:226:Infinity":107,"s:227:2:227:Infinity":108,"f:235:16:235:Infinity":13,"s:240:19:240:43":109,"b:241:2:241:Infinity:undefined:undefined:undefined:undefined":25,"s:241:2:241:Infinity":110,"b:241:6:241:19:241:19:241:59":26,"s:241:59:241:Infinity":111,"s:242:2:242:Infinity":112,"s:243:2:243:Infinity":113,"s:244:2:244:Infinity":114,"s:245:2:245:Infinity":115,"f:248:16:248:36":14,"s:249:2:249:Infinity":116}}}
}
